[53900:259:0525/170137.778781:WARNING:chrome_main_delegate.cc(589)] This is Chrome version 113.0.5672.126 (not a warning)
[53900:259:0525/170137.922186:WARNING:chrome_command_line_pref_store.cc(121)] Additional command-line proxy switches specified when --no-proxy-server was also specified.
[53900:259:0525/170137.925739:WARNING:chrome_command_line_pref_store.cc(121)] Additional command-line proxy switches specified when --no-proxy-server was also specified.
[53900:259:0525/170138.081923:INFO:chrome_browser_cloud_management_controller.cc(167)] Starting CBCM Controller Initialization
[53900:259:0525/170138.081977:INFO:chrome_browser_cloud_management_controller.cc(195)] No machine level policy manager exists.
[53900:259:0525/170138.087887:WARNING:chrome_command_line_pref_store.cc(121)] Additional command-line proxy switches specified when --no-proxy-server was also specified.
[53900:45571:0525/170138.129434:ERROR:trust_store_mac.cc(844)] Error parsing certificate:
ERROR: Failed parsing extensions

[53911:20483:0525/170139.240791:WARNING:spdy_session.cc(3491)] Received HEADERS for invalid stream 1
[53900:259:0525/170140.516683:INFO:CONSOLE(1)] "INIT    === Start of processExistingTabs.  refresh: false", source: chrome-extension://lnhjefklljacnglililnpjnjombaeplm/BS.js (1)
[53900:259:0525/170140.516794:INFO:CONSOLE(1)] "INIT    === Start of processExistingTabs.  refresh: true", source: chrome-extension://lnhjefklljacnglililnpjnjombaeplm/BS.js (1)
[53900:259:0525/170140.516967:INFO:CONSOLE(1)] "INIT    === chrome.tabs.query result.  tabs.length: 1", source: chrome-extension://lnhjefklljacnglililnpjnjombaeplm/BS.js (1)
[53900:259:0525/170140.517057:INFO:CONSOLE(1)] "INIT    === Got pre-exiting tab.  i:  0, tabId: 1963331712, url: file:///var/folders/bj/ykhk9gdn62z07gbttx81f00w0000gn/T/ProvarChromeIde15424032486634039705/provarPort=50746&idePort=50009&sessionId=15&subSessionId=2&connectionName=UAT:UAT&devMode=false&showEnhancedXpathEditor=true&dmwAttempt=0&dmwCloseTimeInSec=2000&useTargetXpaths=false.html, existingTab: undefined", source: chrome-extension://lnhjefklljacnglililnpjnjombaeplm/BS.js (1)
[53900:259:0525/170140.517097:INFO:CONSOLE(1)] "INIT    === Created connectionDetails for new tab", source: chrome-extension://lnhjefklljacnglililnpjnjombaeplm/BS.js (1)
[53900:259:0525/170140.517131:INFO:CONSOLE(1)] "INIT    === Set focused tab.  focusedTabId: 1963331712", source: chrome-extension://lnhjefklljacnglililnpjnjombaeplm/BS.js (1)
[53900:259:0525/170140.517166:INFO:CONSOLE(1)] "INIT    === chrome.tabs.query result.  tabs.length: 1", source: chrome-extension://lnhjefklljacnglililnpjnjombaeplm/BS.js (1)
[53900:259:0525/170140.517202:INFO:CONSOLE(1)] "INIT    === Got pre-exiting tab.  i:  0, tabId: 1963331712, url: file:///var/folders/bj/ykhk9gdn62z07gbttx81f00w0000gn/T/ProvarChromeIde15424032486634039705/provarPort=50746&idePort=50009&sessionId=15&subSessionId=2&connectionName=UAT:UAT&devMode=false&showEnhancedXpathEditor=true&dmwAttempt=0&dmwCloseTimeInSec=2000&useTargetXpaths=false.html, existingTab: [object Object]", source: chrome-extension://lnhjefklljacnglililnpjnjombaeplm/BS.js (1)
[53900:259:0525/170140.590125:INFO:CONSOLE(1)] "Sending request to Provar to get strategies", source: chrome-extension://lnhjefklljacnglililnpjnjombaeplm/BS.js (1)
[53900:259:0525/170140.600013:INFO:CONSOLE(1)] "dispatchMessage - resolving response:  [object Object]", source: chrome-extension://lnhjefklljacnglililnpjnjombaeplm/BS.js (1)
[53900:259:0525/170145.526284:INFO:CONSOLE(1)] "INIT    === Start of processExistingTabs.  refresh: true", source: chrome-extension://lnhjefklljacnglililnpjnjombaeplm/BS.js (1)
[53900:259:0525/170145.527231:INFO:CONSOLE(1)] "INIT    === chrome.tabs.query result.  tabs.length: 1", source: chrome-extension://lnhjefklljacnglililnpjnjombaeplm/BS.js (1)
[53900:259:0525/170145.527456:INFO:CONSOLE(1)] "INIT    === Got pre-exiting tab.  i:  0, tabId: 1963331712, url: about:blank, existingTab: [object Object]", source: chrome-extension://lnhjefklljacnglililnpjnjombaeplm/BS.js (1)
[53900:259:0525/170150.921578:INFO:CONSOLE(27)] "ComponentProfiler: Component-level profiling has not been enabled because "componentProfiler.instrumentation.ltng" gate is not open.", source: https://arpediocom.sfdctest.lightning.force.com/components/instrumentation/componentProfiler.js (27)
[53900:259:0525/170150.967351:INFO:CONSOLE(2290)] "%cO11Y%c Simple color:white;background-color:#FF6600;font-weight:bold color:black;background-color:Gainsboro [object Object] [object Object]", source: https://arpediocom.sfdctest.lightning.force.com/components/o11y/client.js (2290)
[53900:259:0525/170151.031188:INFO:CONSOLE(67430)] "WARNING: [Performance degradation] markup://aura:if ["210:0"] in force:access ["172:0"] needed to clear unrendered body.
More info: https://developer.salesforce.com/docs/atlas.en-us.lightning.meta/lightning/perf_warnings_if.htm
Component hierarchy: [one:one]>[force:access]", source: https://static.lightning.force.com/cs238/auraFW/javascript/wyQWsVjjDIx-Xsqekbsbwg/aura_proddebug.js (67430)
[53900:259:0525/170151.202915:INFO:CONSOLE(67430)] "WARNING: [Performance degradation] markup://aura:if ["172:0;p"] in aura:if ["171:0;p"] needed to clear unrendered body.
More info: https://developer.salesforce.com/docs/atlas.en-us.lightning.meta/lightning/perf_warnings_if.htm
Component hierarchy: [one:one]>[laf:appLayoutHost]>[navex:desktopLayoutContainer]>[one:header]>[aura:if]", source: https://static.lightning.force.com/cs238/auraFW/javascript/wyQWsVjjDIx-Xsqekbsbwg/aura_proddebug.js (67430)
[53900:259:0525/170151.203725:INFO:CONSOLE(67430)] "WARNING: [Performance degradation] markup://aura:if ["187:0;p"] in one:header ["102:0;p"] needed to clear unrendered body.
More info: https://developer.salesforce.com/docs/atlas.en-us.lightning.meta/lightning/perf_warnings_if.htm
Component hierarchy: [one:one]>[laf:appLayoutHost]>[navex:desktopLayoutContainer]>[one:header]", source: https://static.lightning.force.com/cs238/auraFW/javascript/wyQWsVjjDIx-Xsqekbsbwg/aura_proddebug.js (67430)
[53900:259:0525/170151.284050:INFO:CONSOLE(67430)] "WARNING: $A.eventService.addHandler: Unknown component with globalId 'EPT'. Does this component exist?", source: https://static.lightning.force.com/cs238/auraFW/javascript/wyQWsVjjDIx-Xsqekbsbwg/aura_proddebug.js (67430)
[53900:259:0525/170151.339831:INFO:CONSOLE(2290)] "%cO11Y%c Activity color:white;background-color:#FF6600;font-weight:bold color:white;background-color:CadetBlue [object Object] [object Object]", source: https://arpediocom.sfdctest.lightning.force.com/components/o11y/client.js (2290)
[53900:259:0525/170151.340524:INFO:CONSOLE(2290)] "%cO11Y%c Activity color:white;background-color:#FF6600;font-weight:bold color:white;background-color:CadetBlue [object Object] [object Object]", source: https://arpediocom.sfdctest.lightning.force.com/components/o11y/client.js (2290)
[53900:259:0525/170151.341089:INFO:CONSOLE(2290)] "%cO11Y%c Activity color:white;background-color:#FF6600;font-weight:bold color:white;background-color:CadetBlue [object Object] [object Object]", source: https://arpediocom.sfdctest.lightning.force.com/components/o11y/client.js (2290)
[53900:259:0525/170151.341661:INFO:CONSOLE(2290)] "%cO11Y%c Activity color:white;background-color:#FF6600;font-weight:bold color:white;background-color:CadetBlue [object Object] [object Object]", source: https://arpediocom.sfdctest.lightning.force.com/components/o11y/client.js (2290)
[53900:259:0525/170151.342224:INFO:CONSOLE(2290)] "%cO11Y%c Activity color:white;background-color:#FF6600;font-weight:bold color:white;background-color:CadetBlue [object Object] [object Object]", source: https://arpediocom.sfdctest.lightning.force.com/components/o11y/client.js (2290)
[53900:259:0525/170151.342656:INFO:CONSOLE(2290)] "%cO11Y%c Activity color:white;background-color:#FF6600;font-weight:bold color:white;background-color:CadetBlue [object Object] [object Object]", source: https://arpediocom.sfdctest.lightning.force.com/components/o11y/client.js (2290)
[53900:259:0525/170151.343223:INFO:CONSOLE(2290)] "%cO11Y%c Activity color:white;background-color:#FF6600;font-weight:bold color:white;background-color:CadetBlue [object Object] [object Object]", source: https://arpediocom.sfdctest.lightning.force.com/components/o11y/client.js (2290)
[53900:259:0525/170151.343796:INFO:CONSOLE(2290)] "%cO11Y%c sf.lex.BootstrapTiming color:white;background-color:#FF6600;font-weight:bold color:black;background-color:Gainsboro [object Object] [object Object]", source: https://arpediocom.sfdctest.lightning.force.com/components/o11y/client.js (2290)
[53900:259:0525/170151.344379:INFO:CONSOLE(2290)] "%cO11Y%c Activity color:white;background-color:#FF6600;font-weight:bold color:white;background-color:CadetBlue [object Object] [object Object]", source: https://arpediocom.sfdctest.lightning.force.com/components/o11y/client.js (2290)
[53900:259:0525/170151.760167:INFO:CONSOLE(101)] "empApi setting initialized true for : undefined", source: https://arpediocom.sfdctest.lightning.force.com/components/force/empApi.js (101)
[53900:259:0525/170152.082758:INFO:CONSOLE(67430)] "WARNING: While creating component 'home:eventContainer' ; missing required attribute 'headerTitle'. [flexipage:page] > [home:fphome__desktopDefault__pageWithoutSobject__1684956938000] > [home:fphome__desktopDefault__pageWithoutSobject__1684956938000] > [home:fphome__desktopDefault__pageWithoutSobject__1684956938000] > [home:fphome__desktopDefault__pageWithoutSobject__1684956938000] > [home:fphome__desktopDefault__pageWithoutSobject__1684956938000] > [home:fphome__desktopDefault__pageWithoutSobject__1684956938000] > [home:fphome__desktopDefault__pageWithoutSobject__1684956938000] > [flexipage:runtimeComponent]", source: https://static.lightning.force.com/cs238/auraFW/javascript/wyQWsVjjDIx-Xsqekbsbwg/aura_proddebug.js (67430)
[53900:259:0525/170152.083133:INFO:CONSOLE(67430)] "WARNING: While creating component 'home:eventContainer' ; missing required attribute 'placeHolderName'. [flexipage:page] > [home:fphome__desktopDefault__pageWithoutSobject__1684956938000] > [home:fphome__desktopDefault__pageWithoutSobject__1684956938000] > [home:fphome__desktopDefault__pageWithoutSobject__1684956938000] > [home:fphome__desktopDefault__pageWithoutSobject__1684956938000] > [home:fphome__desktopDefault__pageWithoutSobject__1684956938000] > [home:fphome__desktopDefault__pageWithoutSobject__1684956938000] > [home:fphome__desktopDefault__pageWithoutSobject__1684956938000] > [flexipage:runtimeComponent]", source: https://static.lightning.force.com/cs238/auraFW/javascript/wyQWsVjjDIx-Xsqekbsbwg/aura_proddebug.js (67430)
[53900:259:0525/170152.083411:INFO:CONSOLE(67430)] "WARNING: While creating component 'home:eventContainer' ; missing required attribute 'placeHolderRows'. [flexipage:page] > [home:fphome__desktopDefault__pageWithoutSobject__1684956938000] > [home:fphome__desktopDefault__pageWithoutSobject__1684956938000] > [home:fphome__desktopDefault__pageWithoutSobject__1684956938000] > [home:fphome__desktopDefault__pageWithoutSobject__1684956938000] > [home:fphome__desktopDefault__pageWithoutSobject__1684956938000] > [home:fphome__desktopDefault__pageWithoutSobject__1684956938000] > [home:fphome__desktopDefault__pageWithoutSobject__1684956938000] > [flexipage:runtimeComponent]", source: https://static.lightning.force.com/cs238/auraFW/javascript/wyQWsVjjDIx-Xsqekbsbwg/aura_proddebug.js (67430)
[53900:259:0525/170152.104927:INFO:CONSOLE(67430)] "WARNING: While creating component 'home:recentRecordContainer' ; missing required attribute 'headerTitle'. [flexipage:page] > [home:fphome__desktopDefault__pageWithoutSobject__1684956938000] > [home:fphome__desktopDefault__pageWithoutSobject__1684956938000] > [home:fphome__desktopDefault__pageWithoutSobject__1684956938000] > [home:fphome__desktopDefault__pageWithoutSobject__1684956938000] > [home:fphome__desktopDefault__pageWithoutSobject__1684956938000] > [home:fphome__desktopDefault__pageWithoutSobject__1684956938000] > [home:fphome__desktopDefault__pageWithoutSobject__1684956938000] > [flexipage:runtimeComponent]", source: https://static.lightning.force.com/cs238/auraFW/javascript/wyQWsVjjDIx-Xsqekbsbwg/aura_proddebug.js (67430)
[53900:259:0525/170152.107814:INFO:CONSOLE(67430)] "WARNING: While creating component 'home:recentRecordContainer' ; missing required attribute 'placeHolderName'. [flexipage:page] > [home:fphome__desktopDefault__pageWithoutSobject__1684956938000] > [home:fphome__desktopDefault__pageWithoutSobject__1684956938000] > [home:fphome__desktopDefault__pageWithoutSobject__1684956938000] > [home:fphome__desktopDefault__pageWithoutSobject__1684956938000] > [home:fphome__desktopDefault__pageWithoutSobject__1684956938000] > [home:fphome__desktopDefault__pageWithoutSobject__1684956938000] > [home:fphome__desktopDefault__pageWithoutSobject__1684956938000] > [flexipage:runtimeComponent]", source: https://static.lightning.force.com/cs238/auraFW/javascript/wyQWsVjjDIx-Xsqekbsbwg/aura_proddebug.js (67430)
[53900:259:0525/170152.107900:INFO:CONSOLE(67430)] "WARNING: While creating component 'home:recentRecordContainer' ; missing required attribute 'placeHolderRows'. [flexipage:page] > [home:fphome__desktopDefault__pageWithoutSobject__1684956938000] > [home:fphome__desktopDefault__pageWithoutSobject__1684956938000] > [home:fphome__desktopDefault__pageWithoutSobject__1684956938000] > [home:fphome__desktopDefault__pageWithoutSobject__1684956938000] > [home:fphome__desktopDefault__pageWithoutSobject__1684956938000] > [home:fphome__desktopDefault__pageWithoutSobject__1684956938000] > [home:fphome__desktopDefault__pageWithoutSobject__1684956938000] > [flexipage:runtimeComponent]", source: https://static.lightning.force.com/cs238/auraFW/javascript/wyQWsVjjDIx-Xsqekbsbwg/aura_proddebug.js (67430)
[53900:259:0525/170152.125214:INFO:CONSOLE(67430)] "WARNING: While creating component 'runtime_sales_activities:todayTaskContainer' ; missing required attribute 'headerTitle'. [flexipage:page] > [home:fphome__desktopDefault__pageWithoutSobject__1684956938000] > [home:fphome__desktopDefault__pageWithoutSobject__1684956938000] > [home:fphome__desktopDefault__pageWithoutSobject__1684956938000] > [home:fphome__desktopDefault__pageWithoutSobject__1684956938000] > [home:fphome__desktopDefault__pageWithoutSobject__1684956938000] > [home:fphome__desktopDefault__pageWithoutSobject__1684956938000] > [home:fphome__desktopDefault__pageWithoutSobject__1684956938000] > [flexipage:runtimeComponent]", source: https://static.lightning.force.com/cs238/auraFW/javascript/wyQWsVjjDIx-Xsqekbsbwg/aura_proddebug.js (67430)
[53900:259:0525/170152.125598:INFO:CONSOLE(67430)] "WARNING: While creating component 'runtime_sales_activities:todayTaskContainer' ; missing required attribute 'placeHolderName'. [flexipage:page] > [home:fphome__desktopDefault__pageWithoutSobject__1684956938000] > [home:fphome__desktopDefault__pageWithoutSobject__1684956938000] > [home:fphome__desktopDefault__pageWithoutSobject__1684956938000] > [home:fphome__desktopDefault__pageWithoutSobject__1684956938000] > [home:fphome__desktopDefault__pageWithoutSobject__1684956938000] > [home:fphome__desktopDefault__pageWithoutSobject__1684956938000] > [home:fphome__desktopDefault__pageWithoutSobject__1684956938000] > [flexipage:runtimeComponent]", source: https://static.lightning.force.com/cs238/auraFW/javascript/wyQWsVjjDIx-Xsqekbsbwg/aura_proddebug.js (67430)
[53900:259:0525/170152.125919:INFO:CONSOLE(67430)] "WARNING: While creating component 'runtime_sales_activities:todayTaskContainer' ; missing required attribute 'placeHolderRows'. [flexipage:page] > [home:fphome__desktopDefault__pageWithoutSobject__1684956938000] > [home:fphome__desktopDefault__pageWithoutSobject__1684956938000] > [home:fphome__desktopDefault__pageWithoutSobject__1684956938000] > [home:fphome__desktopDefault__pageWithoutSobject__1684956938000] > [home:fphome__desktopDefault__pageWithoutSobject__1684956938000] > [home:fphome__desktopDefault__pageWithoutSobject__1684956938000] > [home:fphome__desktopDefault__pageWithoutSobject__1684956938000] > [flexipage:runtimeComponent]", source: https://static.lightning.force.com/cs238/auraFW/javascript/wyQWsVjjDIx-Xsqekbsbwg/aura_proddebug.js (67430)
[53900:259:0525/170152.149203:INFO:CONSOLE(67430)] "WARNING: While creating component 'home:topDealsContainer' ; missing required attribute 'headerTitle'. [flexipage:page] > [home:fphome__desktopDefault__pageWithoutSobject__1684956938000] > [home:fphome__desktopDefault__pageWithoutSobject__1684956938000] > [home:fphome__desktopDefault__pageWithoutSobject__1684956938000] > [home:fphome__desktopDefault__pageWithoutSobject__1684956938000] > [home:fphome__desktopDefault__pageWithoutSobject__1684956938000] > [home:fphome__desktopDefault__pageWithoutSobject__1684956938000] > [home:fphome__desktopDefault__pageWithoutSobject__1684956938000] > [flexipage:runtimeComponent]", source: https://static.lightning.force.com/cs238/auraFW/javascript/wyQWsVjjDIx-Xsqekbsbwg/aura_proddebug.js (67430)
[53900:259:0525/170152.149480:INFO:CONSOLE(67430)] "WARNING: While creating component 'home:topDealsContainer' ; missing required attribute 'placeHolderName'. [flexipage:page] > [home:fphome__desktopDefault__pageWithoutSobject__1684956938000] > [home:fphome__desktopDefault__pageWithoutSobject__1684956938000] > [home:fphome__desktopDefault__pageWithoutSobject__1684956938000] > [home:fphome__desktopDefault__pageWithoutSobject__1684956938000] > [home:fphome__desktopDefault__pageWithoutSobject__1684956938000] > [home:fphome__desktopDefault__pageWithoutSobject__1684956938000] > [home:fphome__desktopDefault__pageWithoutSobject__1684956938000] > [flexipage:runtimeComponent]", source: https://static.lightning.force.com/cs238/auraFW/javascript/wyQWsVjjDIx-Xsqekbsbwg/aura_proddebug.js (67430)
[53900:259:0525/170152.149730:INFO:CONSOLE(67430)] "WARNING: While creating component 'home:topDealsContainer' ; missing required attribute 'placeHolderRows'. [flexipage:page] > [home:fphome__desktopDefault__pageWithoutSobject__1684956938000] > [home:fphome__desktopDefault__pageWithoutSobject__1684956938000] > [home:fphome__desktopDefault__pageWithoutSobject__1684956938000] > [home:fphome__desktopDefault__pageWithoutSobject__1684956938000] > [home:fphome__desktopDefault__pageWithoutSobject__1684956938000] > [home:fphome__desktopDefault__pageWithoutSobject__1684956938000] > [home:fphome__desktopDefault__pageWithoutSobject__1684956938000] > [flexipage:runtimeComponent]", source: https://static.lightning.force.com/cs238/auraFW/javascript/wyQWsVjjDIx-Xsqekbsbwg/aura_proddebug.js (67430)
[53900:259:0525/170152.163270:INFO:CONSOLE(67430)] "WARNING: Component.index():'Invalid redundant use of component.index().'", source: https://static.lightning.force.com/cs238/auraFW/javascript/wyQWsVjjDIx-Xsqekbsbwg/aura_proddebug.js (67430)
[53900:259:0525/170152.298095:INFO:CONSOLE(67430)] "WARNING: unused configs for 600;a", source: https://static.lightning.force.com/cs238/auraFW/javascript/wyQWsVjjDIx-Xsqekbsbwg/aura_proddebug.js (67430)
[53900:259:0525/170152.340733:INFO:CONSOLE(67430)] "WARNING: [Performance degradation] markup://aura:if ["1:671;a"] in aura:if ["695:0"] needed to clear unrendered body.
More info: https://developer.salesforce.com/docs/atlas.en-us.lightning.meta/lightning/perf_warnings_if.htm
Component hierarchy: [one:one]>[laf:appLayoutHost]>[navex:desktopLayoutContainer]>[navex:contentRegionNavContainer]>[navex:standardManager]>[laf:singlePaneWindowManager]>[laf:pageHost]>[home:landing]>[flexipage:page]>[home:fphome__desktopDefault__pageWithoutSobject__1684956938000]>[flexipage:runtimeComponent]>[runtime_sales_activities:todayTaskContainer]>[home:homeCard]>[aura:if]", source: https://static.lightning.force.com/cs238/auraFW/javascript/wyQWsVjjDIx-Xsqekbsbwg/aura_proddebug.js (67430)
[53900:259:0525/170152.341757:INFO:CONSOLE(67430)] "WARNING: [Performance degradation] markup://aura:if ["3:671;a"] in aura:if ["1:671;a"] needed to clear unrendered body.
More info: https://developer.salesforce.com/docs/atlas.en-us.lightning.meta/lightning/perf_warnings_if.htm
Component hierarchy: [one:one]>[laf:appLayoutHost]>[navex:desktopLayoutContainer]>[navex:contentRegionNavContainer]>[navex:standardManager]>[laf:singlePaneWindowManager]>[laf:pageHost]>[home:landing]>[flexipage:page]>[home:fphome__desktopDefault__pageWithoutSobject__1684956938000]>[flexipage:runtimeComponent]>[runtime_sales_activities:todayTaskContainer]>[home:homeCard]>[aura:if]>[aura:if]", source: https://static.lightning.force.com/cs238/auraFW/javascript/wyQWsVjjDIx-Xsqekbsbwg/aura_proddebug.js (67430)
[53900:259:0525/170152.530019:INFO:CONSOLE(67430)] "WARNING: unused configs for 723;a", source: https://static.lightning.force.com/cs238/auraFW/javascript/wyQWsVjjDIx-Xsqekbsbwg/aura_proddebug.js (67430)
[53900:259:0525/170152.531107:INFO:CONSOLE(67430)] "WARNING: Component.setupAttributes: CDR[] WAS NOT AN ARRAY", source: https://static.lightning.force.com/cs238/auraFW/javascript/wyQWsVjjDIx-Xsqekbsbwg/aura_proddebug.js (67430)
[53900:259:0525/170152.703451:WARNING:controller_impl.cc(1188)] Background download complete, client: 6, completion type: 0, file size:5086
[53900:259:0525/170152.731884:WARNING:controller_impl.cc(1188)] Background download complete, client: 6, completion type: 0, file size:265059
[53900:259:0525/170152.812721:INFO:CONSOLE(2290)] "%cO11Y%c Activity color:white;background-color:#FF6600;font-weight:bold color:white;background-color:CadetBlue [object Object] [object Object]", source: https://arpediocom.sfdctest.lightning.force.com/components/o11y/client.js (2290)
[53900:259:0525/170152.813674:WARNING:controller_impl.cc(1188)] Background download complete, client: 6, completion type: 0, file size:9419
[53900:259:0525/170152.825553:INFO:CONSOLE(2290)] "%cO11Y%c Activity color:white;background-color:#FF6600;font-weight:bold color:white;background-color:CadetBlue [object Object] [object Object]", source: https://arpediocom.sfdctest.lightning.force.com/components/o11y/client.js (2290)
[53900:259:0525/170152.830932:WARNING:controller_impl.cc(1188)] Background download complete, client: 6, completion type: 0, file size:45146
[53900:259:0525/170153.312543:INFO:CONSOLE(67430)] "WARNING: [Performance degradation] markup://aura:if ["316:0"] in forceSearch:assistantDialog ["281:0"] needed to clear unrendered body.
More info: https://developer.salesforce.com/docs/atlas.en-us.lightning.meta/lightning/perf_warnings_if.htm
Component hierarchy: [one:one]>[laf:appLayoutHost]>[navex:desktopLayoutContainer]>[aura:if]>[aura:if]>[forceSearch:desktopHeaderManager]>[aura:if]>[aura:if]>[forceSearch:assistant]>[forceSearch:assistantDialogContainer]>[forceSearch:assistantDialog]", source: https://static.lightning.force.com/cs238/auraFW/javascript/wyQWsVjjDIx-Xsqekbsbwg/aura_proddebug.js (67430)
[53900:259:0525/170153.319048:INFO:CONSOLE(67430)] "WARNING: [Performance degradation] markup://aura:if ["322:0"] in forceSearch:assistantSecondaryPanel ["320:0"] needed to clear unrendered body.
More info: https://developer.salesforce.com/docs/atlas.en-us.lightning.meta/lightning/perf_warnings_if.htm
Component hierarchy: [one:one]>[laf:appLayoutHost]>[navex:desktopLayoutContainer]>[aura:if]>[aura:if]>[forceSearch:desktopHeaderManager]>[aura:if]>[aura:if]>[forceSearch:assistant]>[forceSearch:assistantDialogContainer]>[forceSearch:assistantDialog]>[forceSearch:assistantSecondaryPanel]", source: https://static.lightning.force.com/cs238/auraFW/javascript/wyQWsVjjDIx-Xsqekbsbwg/aura_proddebug.js (67430)
[53900:259:0525/170153.598698:INFO:CONSOLE(13058)] "An iframe which has both allow-scripts and allow-same-origin for its sandbox attribute can escape its sandboxing.", source: https://static.lightning.force.com/cs238/auraFW/javascript/wyQWsVjjDIx-Xsqekbsbwg/aura_proddebug.js (13058)
[53900:259:0525/170153.998070:INFO:CONSOLE(661)] "[ORCHESTRATION] In-App Guidance is disabled. To enable In-App Guidance, visit the settings modal on the In-App Guidance Setup Page.", source: https://arpediocom.sfdctest.lightning.force.com/components/one/onboardingManagerLibPrivate.js (661)
[53900:259:0525/170154.010260:INFO:CONSOLE(683)] "[object Object]", source: https://arpediocom.sfdctest.lightning.force.com/libraries/instrumentation/beaconLib.BeaconLibrary.js (683)
[53900:259:0525/170200.586029:INFO:CONSOLE(2290)] "%cO11Y%c WebVitals color:white;background-color:#FF6600;font-weight:bold color:black;background-color:Gainsboro [object Object] [object Object]", source: https://arpediocom.sfdctest.lightning.force.com/components/o11y/client.js (2290)
[53900:259:0525/170200.586563:INFO:CONSOLE(2290)] "%cO11Y%c WebVitals color:white;background-color:#FF6600;font-weight:bold color:black;background-color:Gainsboro [object Object] [object Object]", source: https://arpediocom.sfdctest.lightning.force.com/components/o11y/client.js (2290)
[53900:259:0525/170200.589573:INFO:CONSOLE(2290)] "%cO11Y%c sf.lex.PageEnd color:white;background-color:#FF6600;font-weight:bold color:black;background-color:Gainsboro [object Object] [object Object]", source: https://arpediocom.sfdctest.lightning.force.com/components/o11y/client.js (2290)
[53900:259:0525/170200.964664:INFO:CONSOLE(27)] "ComponentProfiler: Component-level profiling has not been enabled because "componentProfiler.instrumentation.ltng" gate is not open.", source: https://arpediocom.sfdctest.lightning.force.com/components/instrumentation/componentProfiler.js (27)
[53900:259:0525/170200.999504:INFO:CONSOLE(2290)] "%cO11Y%c Simple color:white;background-color:#FF6600;font-weight:bold color:black;background-color:Gainsboro [object Object] [object Object]", source: https://arpediocom.sfdctest.lightning.force.com/components/o11y/client.js (2290)
[53900:259:0525/170201.051901:INFO:CONSOLE(67430)] "WARNING: [Performance degradation] markup://aura:if ["210:0"] in force:access ["172:0"] needed to clear unrendered body.
More info: https://developer.salesforce.com/docs/atlas.en-us.lightning.meta/lightning/perf_warnings_if.htm
Component hierarchy: [one:one]>[force:access]", source: https://static.lightning.force.com/cs238/auraFW/javascript/wyQWsVjjDIx-Xsqekbsbwg/aura_proddebug.js (67430)
[53900:259:0525/170201.201432:INFO:CONSOLE(67430)] "WARNING: [Performance degradation] markup://aura:if ["172:0;p"] in aura:if ["171:0;p"] needed to clear unrendered body.
More info: https://developer.salesforce.com/docs/atlas.en-us.lightning.meta/lightning/perf_warnings_if.htm
Component hierarchy: [one:one]>[laf:appLayoutHost]>[navex:desktopLayoutContainer]>[one:header]>[aura:if]", source: https://static.lightning.force.com/cs238/auraFW/javascript/wyQWsVjjDIx-Xsqekbsbwg/aura_proddebug.js (67430)
[53900:259:0525/170201.202406:INFO:CONSOLE(67430)] "WARNING: [Performance degradation] markup://aura:if ["187:0;p"] in one:header ["102:0;p"] needed to clear unrendered body.
More info: https://developer.salesforce.com/docs/atlas.en-us.lightning.meta/lightning/perf_warnings_if.htm
Component hierarchy: [one:one]>[laf:appLayoutHost]>[navex:desktopLayoutContainer]>[one:header]", source: https://static.lightning.force.com/cs238/auraFW/javascript/wyQWsVjjDIx-Xsqekbsbwg/aura_proddebug.js (67430)
[53900:259:0525/170201.277062:INFO:CONSOLE(67430)] "WARNING: $A.eventService.addHandler: Unknown component with globalId 'EPT'. Does this component exist?", source: https://static.lightning.force.com/cs238/auraFW/javascript/wyQWsVjjDIx-Xsqekbsbwg/aura_proddebug.js (67430)
[53900:259:0525/170201.361968:INFO:CONSOLE(2290)] "%cO11Y%c Activity color:white;background-color:#FF6600;font-weight:bold color:white;background-color:CadetBlue [object Object] [object Object]", source: https://arpediocom.sfdctest.lightning.force.com/components/o11y/client.js (2290)
[53900:259:0525/170201.362785:INFO:CONSOLE(2290)] "%cO11Y%c Activity color:white;background-color:#FF6600;font-weight:bold color:white;background-color:CadetBlue [object Object] [object Object]", source: https://arpediocom.sfdctest.lightning.force.com/components/o11y/client.js (2290)
[53900:259:0525/170201.363379:INFO:CONSOLE(2290)] "%cO11Y%c Activity color:white;background-color:#FF6600;font-weight:bold color:white;background-color:CadetBlue [object Object] [object Object]", source: https://arpediocom.sfdctest.lightning.force.com/components/o11y/client.js (2290)
[53900:259:0525/170201.363913:INFO:CONSOLE(2290)] "%cO11Y%c Activity color:white;background-color:#FF6600;font-weight:bold color:white;background-color:CadetBlue [object Object] [object Object]", source: https://arpediocom.sfdctest.lightning.force.com/components/o11y/client.js (2290)
[53900:259:0525/170201.364424:INFO:CONSOLE(2290)] "%cO11Y%c Activity color:white;background-color:#FF6600;font-weight:bold color:white;background-color:CadetBlue [object Object] [object Object]", source: https://arpediocom.sfdctest.lightning.force.com/components/o11y/client.js (2290)
[53900:259:0525/170201.364929:INFO:CONSOLE(2290)] "%cO11Y%c Activity color:white;background-color:#FF6600;font-weight:bold color:white;background-color:CadetBlue [object Object] [object Object]", source: https://arpediocom.sfdctest.lightning.force.com/components/o11y/client.js (2290)
[53900:259:0525/170201.365560:INFO:CONSOLE(2290)] "%cO11Y%c Activity color:white;background-color:#FF6600;font-weight:bold color:white;background-color:CadetBlue [object Object] [object Object]", source: https://arpediocom.sfdctest.lightning.force.com/components/o11y/client.js (2290)
[53900:259:0525/170201.366133:INFO:CONSOLE(2290)] "%cO11Y%c sf.lex.BootstrapTiming color:white;background-color:#FF6600;font-weight:bold color:black;background-color:Gainsboro [object Object] [object Object]", source: https://arpediocom.sfdctest.lightning.force.com/components/o11y/client.js (2290)
[53900:259:0525/170201.366828:INFO:CONSOLE(2290)] "%cO11Y%c Activity color:white;background-color:#FF6600;font-weight:bold color:white;background-color:CadetBlue [object Object] [object Object]", source: https://arpediocom.sfdctest.lightning.force.com/components/o11y/client.js (2290)
[53900:259:0525/170201.656306:INFO:CONSOLE(101)] "empApi setting initialized true for : undefined", source: https://arpediocom.sfdctest.lightning.force.com/components/force/empApi.js (101)
[53900:259:0525/170202.304933:INFO:CONSOLE(2290)] "%cO11Y%c Activity color:white;background-color:#FF6600;font-weight:bold color:white;background-color:CadetBlue [object Object] [object Object]", source: https://arpediocom.sfdctest.lightning.force.com/components/o11y/client.js (2290)
[53900:259:0525/170202.336982:INFO:CONSOLE(2290)] "%cO11Y%c Activity color:white;background-color:#FF6600;font-weight:bold color:white;background-color:CadetBlue [object Object] [object Object]", source: https://arpediocom.sfdctest.lightning.force.com/components/o11y/client.js (2290)
[53900:259:0525/170202.337648:INFO:CONSOLE(2290)] "%cO11Y%c Activity color:white;background-color:#FF6600;font-weight:bold color:white;background-color:CadetBlue [object Object] [object Object]", source: https://arpediocom.sfdctest.lightning.force.com/components/o11y/client.js (2290)
[53900:259:0525/170202.428426:INFO:CONSOLE(2290)] "%cO11Y%c Activity color:white;background-color:#FF6600;font-weight:bold color:white;background-color:CadetBlue [object Object] [object Object]", source: https://arpediocom.sfdctest.lightning.force.com/components/o11y/client.js (2290)
[53900:259:0525/170202.792216:INFO:CONSOLE(2290)] "%cO11Y%c Activity color:white;background-color:#FF6600;font-weight:bold color:white;background-color:CadetBlue [object Object] [object Object]", source: https://arpediocom.sfdctest.lightning.force.com/components/o11y/client.js (2290)
[53900:259:0525/170202.795421:INFO:CONSOLE(2290)] "%cO11Y%c Activity color:white;background-color:#FF6600;font-weight:bold color:white;background-color:CadetBlue [object Object] [object Object]", source: https://arpediocom.sfdctest.lightning.force.com/components/o11y/client.js (2290)
[53900:259:0525/170202.796225:INFO:CONSOLE(2290)] "%cO11Y%c Activity color:white;background-color:#FF6600;font-weight:bold color:white;background-color:CadetBlue [object Object] [object Object]", source: https://arpediocom.sfdctest.lightning.force.com/components/o11y/client.js (2290)
[53900:259:0525/170202.849393:INFO:CONSOLE(2290)] "%cO11Y%c Activity color:white;background-color:#FF6600;font-weight:bold color:white;background-color:CadetBlue [object Object] [object Object]", source: https://arpediocom.sfdctest.lightning.force.com/components/o11y/client.js (2290)
[53900:259:0525/170202.851189:INFO:CONSOLE(2290)] "%cO11Y%c Activity color:white;background-color:#FF6600;font-weight:bold color:white;background-color:CadetBlue [object Object] [object Object]", source: https://arpediocom.sfdctest.lightning.force.com/components/o11y/client.js (2290)
[53900:259:0525/170207.416237:INFO:CONSOLE(13058)] "An iframe which has both allow-scripts and allow-same-origin for its sandbox attribute can escape its sandboxing.", source: https://static.lightning.force.com/cs238/auraFW/javascript/wyQWsVjjDIx-Xsqekbsbwg/aura_proddebug.js (13058)
[53900:259:0525/170207.477856:INFO:CONSOLE(13058)] "An iframe which has both allow-scripts and allow-same-origin for its sandbox attribute can escape its sandboxing.", source: https://static.lightning.force.com/cs238/auraFW/javascript/wyQWsVjjDIx-Xsqekbsbwg/aura_proddebug.js (13058)
[53900:259:0525/170207.561335:INFO:CONSOLE(13058)] "An iframe which has both allow-scripts and allow-same-origin for its sandbox attribute can escape its sandboxing.", source: https://static.lightning.force.com/cs238/auraFW/javascript/wyQWsVjjDIx-Xsqekbsbwg/aura_proddebug.js (13058)
[53900:259:0525/170207.664075:INFO:CONSOLE(5760)] "Error: [LWC error]: Dynamically setting the "stylesheets" property on a template function is deprecated and may be removed in a future version of LWC.", source: https://static.lightning.force.com/cs238/auraFW/javascript/wyQWsVjjDIx-Xsqekbsbwg/aura_proddebug.js (5760)
[53900:259:0525/170207.664352:INFO:CONSOLE(5760)] "Error: [LWC error]: Dynamically setting the "stylesheetToken" property on a template function is deprecated and may be removed in a future version of LWC.", source: https://static.lightning.force.com/cs238/auraFW/javascript/wyQWsVjjDIx-Xsqekbsbwg/aura_proddebug.js (5760)
[53900:259:0525/170207.813752:INFO:CONSOLE(5760)] "Error: [LWC error]: Dynamically setting the "stylesheets" property on a template function is deprecated and may be removed in a future version of LWC.", source: https://static.lightning.force.com/cs238/auraFW/javascript/wyQWsVjjDIx-Xsqekbsbwg/aura_proddebug.js (5760)
[53900:259:0525/170207.814034:INFO:CONSOLE(5760)] "Error: [LWC error]: Dynamically setting the "stylesheetToken" property on a template function is deprecated and may be removed in a future version of LWC.", source: https://static.lightning.force.com/cs238/auraFW/javascript/wyQWsVjjDIx-Xsqekbsbwg/aura_proddebug.js (5760)
[53900:259:0525/170207.820131:INFO:CONSOLE(5760)] "Error: [LWC error]: The `appendChild` method is available only on elements that use the `lwc:dom="manual"` directive.", source: https://static.lightning.force.com/cs238/auraFW/javascript/wyQWsVjjDIx-Xsqekbsbwg/aura_proddebug.js (5760)
[53900:259:0525/170207.862438:INFO:CONSOLE(5760)] "Error: [LWC error]: The `appendChild` method is available only on elements that use the `lwc:dom="manual"` directive.", source: https://static.lightning.force.com/cs238/auraFW/javascript/wyQWsVjjDIx-Xsqekbsbwg/aura_proddebug.js (5760)
[53900:259:0525/170207.955639:INFO:CONSOLE(5760)] "Error: [LWC error]: The `removeChild` method is available only on elements that use the `lwc:dom="manual"` directive.", source: https://static.lightning.force.com/cs238/auraFW/javascript/wyQWsVjjDIx-Xsqekbsbwg/aura_proddebug.js (5760)
[53900:259:0525/170207.956107:INFO:CONSOLE(5760)] "Error: [LWC error]: The `appendChild` method is available only on elements that use the `lwc:dom="manual"` directive.", source: https://static.lightning.force.com/cs238/auraFW/javascript/wyQWsVjjDIx-Xsqekbsbwg/aura_proddebug.js (5760)
[53900:259:0525/170207.957036:INFO:CONSOLE(5760)] "Error: [LWC error]: The `appendChild` method is available only on elements that use the `lwc:dom="manual"` directive.", source: https://static.lightning.force.com/cs238/auraFW/javascript/wyQWsVjjDIx-Xsqekbsbwg/aura_proddebug.js (5760)
[53900:259:0525/170207.958146:INFO:CONSOLE(5760)] "Error: [LWC error]: The `appendChild` method is available only on elements that use the `lwc:dom="manual"` directive.", source: https://static.lightning.force.com/cs238/auraFW/javascript/wyQWsVjjDIx-Xsqekbsbwg/aura_proddebug.js (5760)
[53900:259:0525/170207.963540:INFO:CONSOLE(119)] "<lightning-spinner> The alternativeText attribute should not be empty. Please add a description of what is causing the wait.", source: https://arpediocom.sfdctest.lightning.force.com/components/lightning/spinner.js (119)
[53900:259:0525/170207.966816:INFO:CONSOLE(5760)] "Error: [LWC error]: The `appendChild` method is available only on elements that use the `lwc:dom="manual"` directive.", source: https://static.lightning.force.com/cs238/auraFW/javascript/wyQWsVjjDIx-Xsqekbsbwg/aura_proddebug.js (5760)
[53900:259:0525/170208.274674:INFO:CONSOLE(67430)] "WARNING: "objectApiName" must either be a public property of runtime_sales_activitiesActivityPanelComposer or a global HTML attribute", source: https://static.lightning.force.com/cs238/auraFW/javascript/wyQWsVjjDIx-Xsqekbsbwg/aura_proddebug.js (67430)
[53900:259:0525/170208.354610:INFO:CONSOLE(5760)] "Error: [LWC error]: The `appendChild` method is available only on elements that use the `lwc:dom="manual"` directive.", source: https://static.lightning.force.com/cs238/auraFW/javascript/wyQWsVjjDIx-Xsqekbsbwg/aura_proddebug.js (5760)
[53900:259:0525/170208.355916:INFO:CONSOLE(5760)] "Error: [LWC error]: The `appendChild` method is available only on elements that use the `lwc:dom="manual"` directive.", source: https://static.lightning.force.com/cs238/auraFW/javascript/wyQWsVjjDIx-Xsqekbsbwg/aura_proddebug.js (5760)
[53900:259:0525/170208.358085:INFO:CONSOLE(5760)] "Error: [LWC error]: The `appendChild` method is available only on elements that use the `lwc:dom="manual"` directive.", source: https://static.lightning.force.com/cs238/auraFW/javascript/wyQWsVjjDIx-Xsqekbsbwg/aura_proddebug.js (5760)
[53900:259:0525/170208.442558:INFO:CONSOLE(5760)] "Error: [LWC error]: The `insertBefore` method is available only on elements that use the `lwc:dom="manual"` directive.", source: https://static.lightning.force.com/cs238/auraFW/javascript/wyQWsVjjDIx-Xsqekbsbwg/aura_proddebug.js (5760)
[53900:259:0525/170208.613673:INFO:CONSOLE(67430)] "WARNING: Component.index():'Invalid redundant use of component.index().'", source: https://static.lightning.force.com/cs238/auraFW/javascript/wyQWsVjjDIx-Xsqekbsbwg/aura_proddebug.js (67430)
[53900:259:0525/170208.615580:INFO:CONSOLE(67430)] "WARNING: Component.index():'Invalid redundant use of component.index().'", source: https://static.lightning.force.com/cs238/auraFW/javascript/wyQWsVjjDIx-Xsqekbsbwg/aura_proddebug.js (67430)
[53900:259:0525/170208.691933:INFO:CONSOLE(64360)] "[LEXI:aloha-page:address] address set to /apex/arpedio__Arpedio1OpportunityAssessment?id=006DE00000v1J0tYAE", source: https://static.lightning.force.com/cs238/auraFW/javascript/wyQWsVjjDIx-Xsqekbsbwg/aura_proddebug.js (64360)
[53900:259:0525/170208.774370:INFO:CONSOLE(67430)] "WARNING: unused configs for 626;a", source: https://static.lightning.force.com/cs238/auraFW/javascript/wyQWsVjjDIx-Xsqekbsbwg/aura_proddebug.js (67430)
[53900:259:0525/170208.795407:INFO:CONSOLE(2290)] "%cO11Y%c Activity color:white;background-color:#FF6600;font-weight:bold color:white;background-color:CadetBlue [object Object] [object Object]", source: https://arpediocom.sfdctest.lightning.force.com/components/o11y/client.js (2290)
[53900:259:0525/170208.843055:INFO:CONSOLE(5760)] "Error: [LWC error]: The `appendChild` method is available only on elements that use the `lwc:dom="manual"` directive.", source: https://static.lightning.force.com/cs238/auraFW/javascript/wyQWsVjjDIx-Xsqekbsbwg/aura_proddebug.js (5760)
[53900:259:0525/170209.072046:INFO:CONSOLE(67430)] "WARNING: unused configs for 957;a", source: https://static.lightning.force.com/cs238/auraFW/javascript/wyQWsVjjDIx-Xsqekbsbwg/aura_proddebug.js (67430)
[53900:259:0525/170209.252154:INFO:CONSOLE(5760)] "Error: [LWC warn]: Unknown public property "name" of element <lightning-card>. This is either a typo on the corresponding attribute "name", or the attribute does not exist in this browser or DOM implementation.", source: https://static.lightning.force.com/cs238/auraFW/javascript/wyQWsVjjDIx-Xsqekbsbwg/aura_proddebug.js (5760)
[53900:259:0525/170209.267171:INFO:CONSOLE(5760)] "Error: [LWC warn]: Unknown public property "name" of element <lightning-card>. This is either a typo on the corresponding attribute "name", or the attribute does not exist in this browser or DOM implementation.", source: https://static.lightning.force.com/cs238/auraFW/javascript/wyQWsVjjDIx-Xsqekbsbwg/aura_proddebug.js (5760)
[53900:259:0525/170209.623203:INFO:CONSOLE(5760)] "Error: [LWC error]: The `appendChild` method is available only on elements that use the `lwc:dom="manual"` directive.", source: https://static.lightning.force.com/cs238/auraFW/javascript/wyQWsVjjDIx-Xsqekbsbwg/aura_proddebug.js (5760)
[53900:259:0525/170209.624071:INFO:CONSOLE(5760)] "Error: [LWC error]: The `appendChild` method is available only on elements that use the `lwc:dom="manual"` directive.", source: https://static.lightning.force.com/cs238/auraFW/javascript/wyQWsVjjDIx-Xsqekbsbwg/aura_proddebug.js (5760)
[53900:259:0525/170209.624708:INFO:CONSOLE(5760)] "Error: [LWC error]: The `appendChild` method is available only on elements that use the `lwc:dom="manual"` directive.", source: https://static.lightning.force.com/cs238/auraFW/javascript/wyQWsVjjDIx-Xsqekbsbwg/aura_proddebug.js (5760)
[53900:259:0525/170209.801623:INFO:CONSOLE(2290)] "%cO11Y%c WebVitals color:white;background-color:#FF6600;font-weight:bold color:black;background-color:Gainsboro [object Object] [object Object]", source: https://arpediocom.sfdctest.lightning.force.com/components/o11y/client.js (2290)
[53900:259:0525/170209.963816:INFO:CONSOLE(67430)] "WARNING: unused configs for 1064;a", source: https://static.lightning.force.com/cs238/auraFW/javascript/wyQWsVjjDIx-Xsqekbsbwg/aura_proddebug.js (67430)
[53900:259:0525/170209.974679:INFO:CONSOLE(67430)] "WARNING: unused configs for 1086;a", source: https://static.lightning.force.com/cs238/auraFW/javascript/wyQWsVjjDIx-Xsqekbsbwg/aura_proddebug.js (67430)
[53900:259:0525/170209.989353:INFO:CONSOLE(67430)] "WARNING: unused configs for 1112;a", source: https://static.lightning.force.com/cs238/auraFW/javascript/wyQWsVjjDIx-Xsqekbsbwg/aura_proddebug.js (67430)
[53900:259:0525/170210.144899:INFO:CONSOLE(5760)] "Error: [LWC error]: Dynamically setting the "stylesheets" property on a template function is deprecated and may be removed in a future version of LWC.", source: https://static.lightning.force.com/cs238/auraFW/javascript/wyQWsVjjDIx-Xsqekbsbwg/aura_proddebug.js (5760)
[53900:259:0525/170210.145026:INFO:CONSOLE(5760)] "Error: [LWC error]: Dynamically setting the "stylesheetToken" property on a template function is deprecated and may be removed in a future version of LWC.", source: https://static.lightning.force.com/cs238/auraFW/javascript/wyQWsVjjDIx-Xsqekbsbwg/aura_proddebug.js (5760)
[53900:259:0525/170210.305514:INFO:CONSOLE(2290)] "%cO11Y%c Activity color:white;background-color:#FF6600;font-weight:bold color:white;background-color:CadetBlue [object Object] [object Object]", source: https://arpediocom.sfdctest.lightning.force.com/components/o11y/client.js (2290)
[53900:259:0525/170210.308952:INFO:CONSOLE(2290)] "%cO11Y%c Activity color:white;background-color:#FF6600;font-weight:bold color:white;background-color:CadetBlue [object Object] [object Object]", source: https://arpediocom.sfdctest.lightning.force.com/components/o11y/client.js (2290)
[53900:259:0525/170210.312782:INFO:CONSOLE(2290)] "%cO11Y%c Activity color:white;background-color:#FF6600;font-weight:bold color:white;background-color:CadetBlue [object Object] [object Object]", source: https://arpediocom.sfdctest.lightning.force.com/components/o11y/client.js (2290)
[53900:259:0525/170210.315915:INFO:CONSOLE(2290)] "%cO11Y%c Activity color:white;background-color:#FF6600;font-weight:bold color:white;background-color:CadetBlue [object Object] [object Object]", source: https://arpediocom.sfdctest.lightning.force.com/components/o11y/client.js (2290)
[53900:259:0525/170210.315980:INFO:CONSOLE(2290)] "%cO11Y%c Activity color:white;background-color:#FF6600;font-weight:bold color:white;background-color:CadetBlue [object Object] [object Object]", source: https://arpediocom.sfdctest.lightning.force.com/components/o11y/client.js (2290)
[53900:259:0525/170210.318317:INFO:CONSOLE(2290)] "%cO11Y%c Activity color:white;background-color:#FF6600;font-weight:bold color:white;background-color:CadetBlue [object Object] [object Object]", source: https://arpediocom.sfdctest.lightning.force.com/components/o11y/client.js (2290)
[53900:259:0525/170210.319462:INFO:CONSOLE(2290)] "%cO11Y%c Activity color:white;background-color:#FF6600;font-weight:bold color:white;background-color:CadetBlue [object Object] [object Object]", source: https://arpediocom.sfdctest.lightning.force.com/components/o11y/client.js (2290)
[53900:259:0525/170210.325619:INFO:CONSOLE(64360)] "[LEXI:aloha-page:address] address set to https://arpediocom--arpediomatrix.sfdctest.vf.force.com/apex/Arpedio1MatrixOpportunity", source: https://static.lightning.force.com/cs238/auraFW/javascript/wyQWsVjjDIx-Xsqekbsbwg/aura_proddebug.js (64360)
[53900:259:0525/170210.379932:INFO:CONSOLE(2290)] "%cO11Y%c Activity color:white;background-color:#FF6600;font-weight:bold color:white;background-color:CadetBlue [object Object] [object Object]", source: https://arpediocom.sfdctest.lightning.force.com/components/o11y/client.js (2290)
[53900:259:0525/170210.380400:INFO:CONSOLE(2290)] "%cO11Y%c Activity color:white;background-color:#FF6600;font-weight:bold color:white;background-color:CadetBlue [object Object] [object Object]", source: https://arpediocom.sfdctest.lightning.force.com/components/o11y/client.js (2290)
[53900:259:0525/170210.742520:INFO:CONSOLE(64360)] "[LEXI:aloha-page:frame-listener] handling frame event {"isPageLoaded":false,"data":{"isOriginBeacon":true}}", source: https://static.lightning.force.com/cs238/auraFW/javascript/wyQWsVjjDIx-Xsqekbsbwg/aura_proddebug.js (64360)
[53900:259:0525/170210.743452:INFO:CONSOLE(64360)] "[LEXI:aloha-page:frame-listener] handling frame event {"isPageLoaded":false,"data":{"event":"force:toggleSpinner","arguments":{"visible":false}}}", source: https://static.lightning.force.com/cs238/auraFW/javascript/wyQWsVjjDIx-Xsqekbsbwg/aura_proddebug.js (64360)
[53900:259:0525/170210.744672:INFO:CONSOLE(64360)] "[LEXI:aloha-page:frame-listener] handling frame event {"isPageLoaded":false,"data":{"locationChanged":true,"locationTitle":"","location":"https://arpediocom--arpedio.sfdctest.vf.force.com/apex/Arpedio1OpportunityAssessment?ltn_app_id=06mDE0000016kpZYAQ&sfdcIFrameHost=web&id=006DE00000v1J0tYAE&isdtp=p1&clc=0&sfdcIFrameOrigin=https%3A%2F%2Farpediocom.sfdctest.lightning.force.com&nonce=de3e0473e3020c95851ad0d8d894265242e61e53b496baa6d5115ccae08d6e98&tour=","pathname":"/apex/Arpedio1OpportunityAssessment"}}", source: https://static.lightning.force.com/cs238/auraFW/javascript/wyQWsVjjDIx-Xsqekbsbwg/aura_proddebug.js (64360)
[53900:259:0525/170211.385204:INFO:CONSOLE(64360)] "[LEXI:aloha-page:frame-listener] handling frame event {"isPageLoaded":false,"data":{"event":"force:setTitle","arguments":{"title":"Opportunity"}}}", source: https://static.lightning.force.com/cs238/auraFW/javascript/wyQWsVjjDIx-Xsqekbsbwg/aura_proddebug.js (64360)
[53900:259:0525/170211.387300:INFO:CONSOLE(154)] "[LEXI:navigator:communication] waiting for connection on page /apex/Arpedio1OpportunityAssessment", source: https://arpediocom--arpedio.sfdctest.vf.force.com/jslibrary/1660851398242/sfdc/AuraAlohaFrameNavigator.js (154)
[53900:259:0525/170211.390656:INFO:CONSOLE(64360)] "[LEXI:aloha-page:communication] connecting to frame ['vfFrameId_1685026928694']", source: https://static.lightning.force.com/cs238/auraFW/javascript/wyQWsVjjDIx-Xsqekbsbwg/aura_proddebug.js (64360)
[53900:259:0525/170211.425752:INFO:CONSOLE(64360)] "[LEXI:aloha-page:frame-listener] handling frame event {"isPageLoaded":false,"data":{"isIosDomElementFixNeeded":true}}", source: https://static.lightning.force.com/cs238/auraFW/javascript/wyQWsVjjDIx-Xsqekbsbwg/aura_proddebug.js (64360)
[53900:259:0525/170211.426388:INFO:CONSOLE(64360)] "[LEXI:aloha-page:frame-listener] handling frame event {"isPageLoaded":false,"data":{"isLoaded":true,"address":"https://arpediocom--arpedio.sfdctest.vf.force.com/apex/Arpedio1OpportunityAssessment?ltn_app_id=06mDE0000016kpZYAQ&sfdcIFrameHost=web&id=006DE00000v1J0tYAE&isdtp=p1&clc=0&sfdcIFrameOrigin=https%3A%2F%2Farpediocom.sfdctest.lightning.force.com&nonce=de3e0473e3020c95851ad0d8d894265242e61e53b496baa6d5115ccae08d6e98&tour="}}", source: https://static.lightning.force.com/cs238/auraFW/javascript/wyQWsVjjDIx-Xsqekbsbwg/aura_proddebug.js (64360)
[53900:259:0525/170211.426573:INFO:CONSOLE(64360)] "[LEXI:aloha-page:address] address set to https://arpediocom--arpedio.sfdctest.vf.force.com/apex/Arpedio1OpportunityAssessment?ltn_app_id=06mDE0000016kpZYAQ&sfdcIFrameHost=web&id=006DE00000v1J0tYAE&isdtp=p1&clc=0&sfdcIFrameOrigin=https%3A%2F%2Farpediocom.sfdctest.lightning.force.com&nonce=de3e0473e3020c95851ad0d8d894265242e61e53b496baa6d5115ccae08d6e98&tour=", source: https://static.lightning.force.com/cs238/auraFW/javascript/wyQWsVjjDIx-Xsqekbsbwg/aura_proddebug.js (64360)
[53900:259:0525/170211.426894:INFO:CONSOLE(64360)] "[LEXI:aloha-page:frame-listener] frame load complete {"frameLoadedOnce":true}", source: https://static.lightning.force.com/cs238/auraFW/javascript/wyQWsVjjDIx-Xsqekbsbwg/aura_proddebug.js (64360)
[53900:259:0525/170211.504448:INFO:CONSOLE(155)] "[LEXI:navigator:communication] connection established on page /apex/Arpedio1OpportunityAssessment.  Lightning Message Service enabled: true", source: https://arpediocom--arpedio.sfdctest.vf.force.com/jslibrary/1660851398242/sfdc/AuraAlohaFrameNavigator.js (155)
[53900:259:0525/170211.504917:INFO:CONSOLE(64360)] "[LEXI:aloha-page:communication] connection established for frame ['vfFrameId_1685026928694']", source: https://static.lightning.force.com/cs238/auraFW/javascript/wyQWsVjjDIx-Xsqekbsbwg/aura_proddebug.js (64360)
[53900:259:0525/170211.505161:INFO:CONSOLE(64360)] "[LEXI:aloha-page:setUpIframeListeners] connected to iframe", source: https://static.lightning.force.com/cs238/auraFW/javascript/wyQWsVjjDIx-Xsqekbsbwg/aura_proddebug.js (64360)
[53900:259:0525/170212.359801:INFO:CONSOLE(5760)] "Error: [LWC error]: The `removeChild` method is available only on elements that use the `lwc:dom="manual"` directive.", source: https://static.lightning.force.com/cs238/auraFW/javascript/wyQWsVjjDIx-Xsqekbsbwg/aura_proddebug.js (5760)
[53900:259:0525/170212.359966:INFO:CONSOLE(5760)] "Error: [LWC error]: The `removeChild` method is available only on elements that use the `lwc:dom="manual"` directive.", source: https://static.lightning.force.com/cs238/auraFW/javascript/wyQWsVjjDIx-Xsqekbsbwg/aura_proddebug.js (5760)
[53900:259:0525/170212.360037:INFO:CONSOLE(5760)] "Error: [LWC error]: The `removeChild` method is available only on elements that use the `lwc:dom="manual"` directive.", source: https://static.lightning.force.com/cs238/auraFW/javascript/wyQWsVjjDIx-Xsqekbsbwg/aura_proddebug.js (5760)
[53900:259:0525/170212.360085:INFO:CONSOLE(5760)] "Error: [LWC error]: The `appendChild` method is available only on elements that use the `lwc:dom="manual"` directive.", source: https://static.lightning.force.com/cs238/auraFW/javascript/wyQWsVjjDIx-Xsqekbsbwg/aura_proddebug.js (5760)
[53900:259:0525/170212.360131:INFO:CONSOLE(5760)] "Error: [LWC error]: The `appendChild` method is available only on elements that use the `lwc:dom="manual"` directive.", source: https://static.lightning.force.com/cs238/auraFW/javascript/wyQWsVjjDIx-Xsqekbsbwg/aura_proddebug.js (5760)
[53900:259:0525/170212.360358:INFO:CONSOLE(5760)] "Error: [LWC error]: The `appendChild` method is available only on elements that use the `lwc:dom="manual"` directive.", source: https://static.lightning.force.com/cs238/auraFW/javascript/wyQWsVjjDIx-Xsqekbsbwg/aura_proddebug.js (5760)
[53900:259:0525/170212.360934:INFO:CONSOLE(5760)] "Error: [LWC error]: The `removeChild` method is available only on elements that use the `lwc:dom="manual"` directive.", source: https://static.lightning.force.com/cs238/auraFW/javascript/wyQWsVjjDIx-Xsqekbsbwg/aura_proddebug.js (5760)
[53900:259:0525/170212.360993:INFO:CONSOLE(5760)] "Error: [LWC error]: The `removeChild` method is available only on elements that use the `lwc:dom="manual"` directive.", source: https://static.lightning.force.com/cs238/auraFW/javascript/wyQWsVjjDIx-Xsqekbsbwg/aura_proddebug.js (5760)
[53900:259:0525/170212.361093:INFO:CONSOLE(5760)] "Error: [LWC error]: The `removeChild` method is available only on elements that use the `lwc:dom="manual"` directive.", source: https://static.lightning.force.com/cs238/auraFW/javascript/wyQWsVjjDIx-Xsqekbsbwg/aura_proddebug.js (5760)
[53900:259:0525/170212.361139:INFO:CONSOLE(5760)] "Error: [LWC error]: The `appendChild` method is available only on elements that use the `lwc:dom="manual"` directive.", source: https://static.lightning.force.com/cs238/auraFW/javascript/wyQWsVjjDIx-Xsqekbsbwg/aura_proddebug.js (5760)
[53900:259:0525/170212.361184:INFO:CONSOLE(5760)] "Error: [LWC error]: The `appendChild` method is available only on elements that use the `lwc:dom="manual"` directive.", source: https://static.lightning.force.com/cs238/auraFW/javascript/wyQWsVjjDIx-Xsqekbsbwg/aura_proddebug.js (5760)
[53900:259:0525/170212.361252:INFO:CONSOLE(5760)] "Error: [LWC error]: The `appendChild` method is available only on elements that use the `lwc:dom="manual"` directive.", source: https://static.lightning.force.com/cs238/auraFW/javascript/wyQWsVjjDIx-Xsqekbsbwg/aura_proddebug.js (5760)
[53900:259:0525/170212.361294:INFO:CONSOLE(119)] "<lightning-spinner> The alternativeText attribute should not be empty. Please add a description of what is causing the wait.", source: https://arpediocom.sfdctest.lightning.force.com/components/lightning/spinner.js (119)
[53900:259:0525/170212.362383:INFO:CONSOLE(5760)] "Error: [LWC error]: The `removeChild` method is available only on elements that use the `lwc:dom="manual"` directive.", source: https://static.lightning.force.com/cs238/auraFW/javascript/wyQWsVjjDIx-Xsqekbsbwg/aura_proddebug.js (5760)
[53900:259:0525/170212.362444:INFO:CONSOLE(5760)] "Error: [LWC error]: The `removeChild` method is available only on elements that use the `lwc:dom="manual"` directive.", source: https://static.lightning.force.com/cs238/auraFW/javascript/wyQWsVjjDIx-Xsqekbsbwg/aura_proddebug.js (5760)
[53900:259:0525/170212.362539:INFO:CONSOLE(5760)] "Error: [LWC error]: The `removeChild` method is available only on elements that use the `lwc:dom="manual"` directive.", source: https://static.lightning.force.com/cs238/auraFW/javascript/wyQWsVjjDIx-Xsqekbsbwg/aura_proddebug.js (5760)
[53900:259:0525/170212.362627:INFO:CONSOLE(5760)] "Error: [LWC error]: The `appendChild` method is available only on elements that use the `lwc:dom="manual"` directive.", source: https://static.lightning.force.com/cs238/auraFW/javascript/wyQWsVjjDIx-Xsqekbsbwg/aura_proddebug.js (5760)
[53900:259:0525/170212.362682:INFO:CONSOLE(5760)] "Error: [LWC error]: The `appendChild` method is available only on elements that use the `lwc:dom="manual"` directive.", source: https://static.lightning.force.com/cs238/auraFW/javascript/wyQWsVjjDIx-Xsqekbsbwg/aura_proddebug.js (5760)
[53900:259:0525/170212.362752:INFO:CONSOLE(5760)] "Error: [LWC error]: The `appendChild` method is available only on elements that use the `lwc:dom="manual"` directive.", source: https://static.lightning.force.com/cs238/auraFW/javascript/wyQWsVjjDIx-Xsqekbsbwg/aura_proddebug.js (5760)
[53900:259:0525/170212.363846:INFO:CONSOLE(5760)] "Error: [LWC error]: The `removeChild` method is available only on elements that use the `lwc:dom="manual"` directive.", source: https://static.lightning.force.com/cs238/auraFW/javascript/wyQWsVjjDIx-Xsqekbsbwg/aura_proddebug.js (5760)
[53900:259:0525/170212.363991:INFO:CONSOLE(5760)] "Error: [LWC error]: The `removeChild` method is available only on elements that use the `lwc:dom="manual"` directive.", source: https://static.lightning.force.com/cs238/auraFW/javascript/wyQWsVjjDIx-Xsqekbsbwg/aura_proddebug.js (5760)
[53900:259:0525/170212.364075:INFO:CONSOLE(5760)] "Error: [LWC error]: The `removeChild` method is available only on elements that use the `lwc:dom="manual"` directive.", source: https://static.lightning.force.com/cs238/auraFW/javascript/wyQWsVjjDIx-Xsqekbsbwg/aura_proddebug.js (5760)
[53900:259:0525/170212.364145:INFO:CONSOLE(5760)] "Error: [LWC error]: The `appendChild` method is available only on elements that use the `lwc:dom="manual"` directive.", source: https://static.lightning.force.com/cs238/auraFW/javascript/wyQWsVjjDIx-Xsqekbsbwg/aura_proddebug.js (5760)
[53900:259:0525/170212.364189:INFO:CONSOLE(5760)] "Error: [LWC error]: The `appendChild` method is available only on elements that use the `lwc:dom="manual"` directive.", source: https://static.lightning.force.com/cs238/auraFW/javascript/wyQWsVjjDIx-Xsqekbsbwg/aura_proddebug.js (5760)
[53900:259:0525/170212.364280:INFO:CONSOLE(5760)] "Error: [LWC error]: The `appendChild` method is available only on elements that use the `lwc:dom="manual"` directive.", source: https://static.lightning.force.com/cs238/auraFW/javascript/wyQWsVjjDIx-Xsqekbsbwg/aura_proddebug.js (5760)
[53900:259:0525/170212.635073:INFO:CONSOLE(64360)] "[LEXI:aloha-page:frame-listener] handling frame event {"isPageLoaded":false,"data":{"isOriginBeacon":true}}", source: https://static.lightning.force.com/cs238/auraFW/javascript/wyQWsVjjDIx-Xsqekbsbwg/aura_proddebug.js (64360)
[53900:259:0525/170212.635671:INFO:CONSOLE(64360)] "[LEXI:aloha-page:frame-listener] handling frame event {"isPageLoaded":false,"data":{"event":"force:toggleSpinner","arguments":{"visible":false}}}", source: https://static.lightning.force.com/cs238/auraFW/javascript/wyQWsVjjDIx-Xsqekbsbwg/aura_proddebug.js (64360)
[53900:259:0525/170212.636871:INFO:CONSOLE(64360)] "[LEXI:aloha-page:frame-listener] handling frame event {"isPageLoaded":false,"data":{"locationChanged":true,"locationTitle":"","location":"https://arpediocom--arpediomatrix.sfdctest.vf.force.com/apex/Arpedio1MatrixOpportunity?id=006DE00000v1J0tYAE&tour=&isdtp=p1&sfdcIFrameOrigin=https%3A%2F%2Farpediocom.sfdctest.lightning.force.com&sfdcIFrameHost=web&nonce=de3e0473e3020c95851ad0d8d894265242e61e53b496baa6d5115ccae08d6e98&ltn_app_id=06mDE0000016kpZYAQ&clc=0","pathname":"/apex/Arpedio1MatrixOpportunity"}}", source: https://static.lightning.force.com/cs238/auraFW/javascript/wyQWsVjjDIx-Xsqekbsbwg/aura_proddebug.js (64360)
[53900:259:0525/170213.186247:INFO:CONSOLE(46)] "Error parsing a meta element's content: ';' is not a valid key-value pair separator. Please use ',' instead.", source: https://arpediocom--arpediomatrix.sfdctest.vf.force.com/apex/Arpedio1MatrixOpportunity?id=006DE00000v1J0tYAE&tour=&isdtp=p1&sfdcIFrameOrigin=https%3A%2F%2Farpediocom.sfdctest.lightning.force.com&sfdcIFrameHost=web&nonce=de3e0473e3020c95851ad0d8d894265242e61e53b496baa6d5115ccae08d6e98&ltn_app_id=06mDE0000016kpZYAQ&clc=0 (46)
[53900:259:0525/170213.195255:INFO:CONSOLE(64360)] "[LEXI:aloha-page:frame-listener] handling frame event {"isPageLoaded":false,"data":{"event":"force:setTitle","arguments":{"title":"Opportunity"}}}", source: https://static.lightning.force.com/cs238/auraFW/javascript/wyQWsVjjDIx-Xsqekbsbwg/aura_proddebug.js (64360)
[53900:259:0525/170213.440375:INFO:CONSOLE(154)] "[LEXI:navigator:communication] waiting for connection on page /apex/Arpedio1MatrixOpportunity", source: https://arpediocom--arpediomatrix.sfdctest.vf.force.com/jslibrary/1660851398242/sfdc/AuraAlohaFrameNavigator.js (154)
[53900:259:0525/170213.443515:INFO:CONSOLE(64360)] "[LEXI:aloha-page:communication] connecting to frame ['vfFrameId_1685026930327']", source: https://static.lightning.force.com/cs238/auraFW/javascript/wyQWsVjjDIx-Xsqekbsbwg/aura_proddebug.js (64360)
[53900:259:0525/170213.446286:INFO:CONSOLE(64360)] "[LEXI:aloha-page:frame-listener] handling frame event {"isPageLoaded":false,"data":{"isIosDomElementFixNeeded":true}}", source: https://static.lightning.force.com/cs238/auraFW/javascript/wyQWsVjjDIx-Xsqekbsbwg/aura_proddebug.js (64360)
[53900:259:0525/170213.446893:INFO:CONSOLE(64360)] "[LEXI:aloha-page:frame-listener] handling frame event {"isPageLoaded":false,"data":{"isLoaded":true,"address":"https://arpediocom--arpediomatrix.sfdctest.vf.force.com/apex/Arpedio1MatrixOpportunity?id=006DE00000v1J0tYAE&tour=&isdtp=p1&sfdcIFrameOrigin=https%3A%2F%2Farpediocom.sfdctest.lightning.force.com&sfdcIFrameHost=web&nonce=de3e0473e3020c95851ad0d8d894265242e61e53b496baa6d5115ccae08d6e98&ltn_app_id=06mDE0000016kpZYAQ&clc=0"}}", source: https://static.lightning.force.com/cs238/auraFW/javascript/wyQWsVjjDIx-Xsqekbsbwg/aura_proddebug.js (64360)
[53900:259:0525/170213.447142:INFO:CONSOLE(64360)] "[LEXI:aloha-page:address] address set to https://arpediocom--arpediomatrix.sfdctest.vf.force.com/apex/Arpedio1MatrixOpportunity?id=006DE00000v1J0tYAE&tour=&isdtp=p1&sfdcIFrameOrigin=https%3A%2F%2Farpediocom.sfdctest.lightning.force.com&sfdcIFrameHost=web&nonce=de3e0473e3020c95851ad0d8d894265242e61e53b496baa6d5115ccae08d6e98&ltn_app_id=06mDE0000016kpZYAQ&clc=0", source: https://static.lightning.force.com/cs238/auraFW/javascript/wyQWsVjjDIx-Xsqekbsbwg/aura_proddebug.js (64360)
[53900:259:0525/170213.447317:INFO:CONSOLE(64360)] "[LEXI:aloha-page:frame-listener] frame load complete {"frameLoadedOnce":true}", source: https://static.lightning.force.com/cs238/auraFW/javascript/wyQWsVjjDIx-Xsqekbsbwg/aura_proddebug.js (64360)
[53900:259:0525/170213.501375:INFO:CONSOLE(2290)] "%cO11Y%c Activity color:white;background-color:#FF6600;font-weight:bold color:white;background-color:CadetBlue [object Object] [object Object]", source: https://arpediocom.sfdctest.lightning.force.com/components/o11y/client.js (2290)
[53900:259:0525/170213.502288:INFO:CONSOLE(2290)] "%cO11Y%c Activity color:white;background-color:#FF6600;font-weight:bold color:white;background-color:CadetBlue [object Object] [object Object]", source: https://arpediocom.sfdctest.lightning.force.com/components/o11y/client.js (2290)
[53900:259:0525/170213.703567:INFO:CONSOLE(155)] "[LEXI:navigator:communication] connection established on page /apex/Arpedio1MatrixOpportunity.  Lightning Message Service enabled: true", source: https://arpediocom--arpediomatrix.sfdctest.vf.force.com/jslibrary/1660851398242/sfdc/AuraAlohaFrameNavigator.js (155)
[53900:259:0525/170213.712274:INFO:CONSOLE(67430)] "WARNING: [Performance degradation] markup://aura:if ["316:0"] in forceSearch:assistantDialog ["281:0"] needed to clear unrendered body.
More info: https://developer.salesforce.com/docs/atlas.en-us.lightning.meta/lightning/perf_warnings_if.htm
Component hierarchy: [one:one]>[laf:appLayoutHost]>[navex:desktopLayoutContainer]>[aura:if]>[aura:if]>[forceSearch:desktopHeaderManager]>[aura:if]>[aura:if]>[forceSearch:assistant]>[forceSearch:assistantDialogContainer]>[forceSearch:assistantDialog]", source: https://static.lightning.force.com/cs238/auraFW/javascript/wyQWsVjjDIx-Xsqekbsbwg/aura_proddebug.js (67430)
[53900:259:0525/170213.722280:INFO:CONSOLE(64360)] "[LEXI:aloha-page:communication] connection established for frame ['vfFrameId_1685026930327']", source: https://static.lightning.force.com/cs238/auraFW/javascript/wyQWsVjjDIx-Xsqekbsbwg/aura_proddebug.js (64360)
[53900:259:0525/170213.722423:INFO:CONSOLE(64360)] "[LEXI:aloha-page:setUpIframeListeners] connected to iframe", source: https://static.lightning.force.com/cs238/auraFW/javascript/wyQWsVjjDIx-Xsqekbsbwg/aura_proddebug.js (64360)
[53900:259:0525/170213.727424:INFO:CONSOLE(67430)] "WARNING: [Performance degradation] markup://aura:if ["322:0"] in forceSearch:assistantSecondaryPanel ["320:0"] needed to clear unrendered body.
More info: https://developer.salesforce.com/docs/atlas.en-us.lightning.meta/lightning/perf_warnings_if.htm
Component hierarchy: [one:one]>[laf:appLayoutHost]>[navex:desktopLayoutContainer]>[aura:if]>[aura:if]>[forceSearch:desktopHeaderManager]>[aura:if]>[aura:if]>[forceSearch:assistant]>[forceSearch:assistantDialogContainer]>[forceSearch:assistantDialog]>[forceSearch:assistantSecondaryPanel]", source: https://static.lightning.force.com/cs238/auraFW/javascript/wyQWsVjjDIx-Xsqekbsbwg/aura_proddebug.js (67430)
[53900:259:0525/170214.220463:INFO:CONSOLE(683)] "[object Object]", source: https://arpediocom.sfdctest.lightning.force.com/libraries/instrumentation/beaconLib.BeaconLibrary.js (683)
[53900:259:0525/170214.309011:INFO:CONSOLE(661)] "[ORCHESTRATION] In-App Guidance is disabled. To enable In-App Guidance, visit the settings modal on the In-App Guidance Setup Page.", source: https://arpediocom.sfdctest.lightning.force.com/components/one/onboardingManagerLibPrivate.js (661)
[53900:259:0525/170214.981121:INFO:CONSOLE(683)] "[object Object]", source: https://arpediocom.sfdctest.lightning.force.com/libraries/instrumentation/beaconLib.BeaconLibrary.js (683)
[53900:259:0525/170220.030770:INFO:CONSOLE(1506)] "[object HTMLElement]", source:  (1506)
[53900:259:0525/170220.055229:INFO:CONSOLE(5760)] "Error: [LWC error]: The `appendChild` method is available only on elements that use the `lwc:dom="manual"` directive.", source: https://static.lightning.force.com/cs238/auraFW/javascript/wyQWsVjjDIx-Xsqekbsbwg/aura_proddebug.js (5760)
[53900:259:0525/170220.306100:INFO:CONSOLE(67430)] "WARNING: unused configs for 1425;a", source: https://static.lightning.force.com/cs238/auraFW/javascript/wyQWsVjjDIx-Xsqekbsbwg/aura_proddebug.js (67430)
[53900:259:0525/170221.207378:INFO:CONSOLE(64360)] "[object Object]", source: https://static.lightning.force.com/cs238/auraFW/javascript/wyQWsVjjDIx-Xsqekbsbwg/aura_proddebug.js (64360)
[53900:259:0525/170221.207943:INFO:CONSOLE(64360)] "ComponentDefRefDeprecatedUrlHandler is handling ComponentDefRefDeprecated URL: https://arpediocom.sfdctest.lightning.force.com/one/one.app#eyJjb21wb25lbnREZWYiOiJhcnBlZGlvbWF0cml4Om1hdHJpeCIsImF0dHJpYnV0ZXMiOnsicmVjb3JkSWQiOiIwMDZERTAwMDAwdjFKMHRZQUUifSwic3RhdGUiOnt9fQ==", source: https://static.lightning.force.com/cs238/auraFW/javascript/wyQWsVjjDIx-Xsqekbsbwg/aura_proddebug.js (64360)
[53900:259:0525/170221.217779:INFO:CONSOLE(2290)] "%cO11Y%c sf.lex.PageEnd color:white;background-color:#FF6600;font-weight:bold color:black;background-color:Gainsboro [object Object] [object Object]", source: https://arpediocom.sfdctest.lightning.force.com/components/o11y/client.js (2290)
[53900:259:0525/170221.219536:INFO:CONSOLE(67430)] "WARNING: force:navigateToComponent is deprecated.  Please check the Lightning documentation on how to migrate your component to lightning:isUrlAddressable. Target component: arpediomatrix:matrix", source: https://static.lightning.force.com/cs238/auraFW/javascript/wyQWsVjjDIx-Xsqekbsbwg/aura_proddebug.js (67430)
[53900:259:0525/170222.152361:INFO:CONSOLE(67430)] "WARNING: "windowViewMode" must either be a public property of arpediomatrixMatrix or a global HTML attribute", source: https://static.lightning.force.com/cs238/auraFW/javascript/wyQWsVjjDIx-Xsqekbsbwg/aura_proddebug.js (67430)
[53900:259:0525/170222.185563:INFO:CONSOLE(119)] "<lightning-spinner> The alternativeText attribute should not be empty. Please add a description of what is causing the wait.", source: https://arpediocom.sfdctest.lightning.force.com/components/lightning/spinner.js (119)
[53900:259:0525/170222.564080:INFO:CONSOLE(2290)] "%cO11Y%c Activity color:white;background-color:#FF6600;font-weight:bold color:white;background-color:CadetBlue [object Object] [object Object]", source: https://arpediocom.sfdctest.lightning.force.com/components/o11y/client.js (2290)
[53900:259:0525/170222.572016:INFO:CONSOLE(119)] "<lightning-spinner> The alternativeText attribute should not be empty. Please add a description of what is causing the wait.", source: https://arpediocom.sfdctest.lightning.force.com/components/lightning/spinner.js (119)
[53900:259:0525/170222.591041:INFO:CONSOLE(5760)] "Error: [LWC error]: The `appendChild` method is available only on elements that use the `lwc:dom="manual"` directive.", source: https://static.lightning.force.com/cs238/auraFW/javascript/wyQWsVjjDIx-Xsqekbsbwg/aura_proddebug.js (5760)
[53900:259:0525/170223.305060:INFO:CONSOLE(119)] "<lightning-spinner> The alternativeText attribute should not be empty. Please add a description of what is causing the wait.", source: https://arpediocom.sfdctest.lightning.force.com/components/lightning/spinner.js (119)
[53900:259:0525/170223.312449:INFO:CONSOLE(119)] "<lightning-spinner> The alternativeText attribute should not be empty. Please add a description of what is causing the wait.", source: https://arpediocom.sfdctest.lightning.force.com/components/lightning/spinner.js (119)
[53900:259:0525/170223.581667:INFO:CONSOLE(5760)] "Error: [LWC error]: Duplicated "key" attribute value for "<tr>" in [object:vm MatrixTable (442)] for item number 1. A key with value "104:0" appears more than once in the iteration. Key values must be unique numbers or strings.
<c-matrix-table>", source: https://static.lightning.force.com/cs238/auraFW/javascript/wyQWsVjjDIx-Xsqekbsbwg/aura_proddebug.js (5760)
[53900:259:0525/170223.652986:INFO:CONSOLE(2290)] "%cO11Y%c Activity color:white;background-color:#FF6600;font-weight:bold color:white;background-color:CadetBlue [object Object] [object Object]", source: https://arpediocom.sfdctest.lightning.force.com/components/o11y/client.js (2290)
[53900:259:0525/170223.655205:INFO:CONSOLE(2290)] "%cO11Y%c Activity color:white;background-color:#FF6600;font-weight:bold color:white;background-color:CadetBlue [object Object] [object Object]", source: https://arpediocom.sfdctest.lightning.force.com/components/o11y/client.js (2290)
[53900:259:0525/170223.858400:INFO:CONSOLE(683)] "[object Object]", source: https://arpediocom.sfdctest.lightning.force.com/libraries/instrumentation/beaconLib.BeaconLibrary.js (683)
[53900:259:0525/170344.890478:INFO:CONSOLE(2290)] "%cO11Y%c WebVitals color:white;background-color:#FF6600;font-weight:bold color:black;background-color:Gainsboro [object Object] [object Object]", source: https://arpediocom.sfdctest.lightning.force.com/components/o11y/client.js (2290)
[53900:259:0525/170344.900331:INFO:CONSOLE(2290)] "%cO11Y%c sf.lex.PageEnd color:white;background-color:#FF6600;font-weight:bold color:black;background-color:Gainsboro [object Object] [object Object]", source: https://arpediocom.sfdctest.lightning.force.com/components/o11y/client.js (2290)
[53900:259:0525/170345.090829:WARNING:pref_notifier_impl.cc(41)] Pref observer for media_router.cast_allow_all_ips found at shutdown.
