[66610:259:0822/154514.979702:WARNING:chrome_main_delegate.cc(596)] This is Chrome version 116.0.5845.96 (not a warning)
[66610:259:0822/154515.153911:WARNING:chrome_command_line_pref_store.cc(121)] Additional command-line proxy switches specified when --no-proxy-server was also specified.
[66610:259:0822/154515.200499:WARNING:chrome_command_line_pref_store.cc(121)] Additional command-line proxy switches specified when --no-proxy-server was also specified.
[66610:46595:0822/154515.434842:ERROR:trust_store_mac.cc(844)] Error parsing certificate:
ERROR: Failed parsing extensions

[66610:259:0822/154515.456624:INFO:chrome_browser_cloud_management_controller.cc(168)] Starting CBCM Controller Initialization
[66610:259:0822/154515.456995:INFO:chrome_browser_cloud_management_controller.cc(196)] No machine level policy manager exists.
[66610:259:0822/154515.463375:WARNING:chrome_command_line_pref_store.cc(121)] Additional command-line proxy switches specified when --no-proxy-server was also specified.
[66610:79875:0822/154517.999580:WARNING:backend_impl.cc(1816)] Destroying invalid entry.
[66610:259:0822/154527.980212:INFO:CONSOLE(13)] "Failed to set the value "true" for the runtime feature flag "ENABLE_LIGHT_GET_ROOT_NODE_PATCH" because it is undefined. Available flags: "DUMMY_TEST_FLAG", "ENABLE_FORCE_NATIVE_SHADOW_MODE_FOR_TEST", "ENABLE_MIXED_SHADOW_MODE", "ENABLE_NATIVE_CUSTOM_ELEMENT_LIFECYCLE", "ENABLE_WIRE_SYNC_EMIT", "DISABLE_LIGHT_DOM_UNSCOPED_CSS", "ENABLE_FROZEN_TEMPLATE", "DISABLE_ARIA_REFLECTION_POLYFILL".", source: https://static.lightning.force.com/cs238/auraFW/javascript/MlRqRU5YT3pjWFRNenJranFOMWFjQXlMaWFpdmxPSTZWeEo0bWtiN0hsaXcyNDQuMjAuNC0yLjQxLjQ/aura_prod.js (13)
[66610:259:0822/154528.712968:INFO:CONSOLE(1)] "ComponentProfiler: Component-level profiling has not been enabled because "componentProfiler.instrumentation.ltng" gate is not open.", source: https://arpediocom.sfdctest.lightning.force.com/components/instrumentation/componentProfiler.js (1)
[66610:259:0822/154529.376336:INFO:CONSOLE(4)] "empApi setting initialized true for : undefined", source: https://arpediocom.sfdctest.lightning.force.com/components/force/empApi.js (4)
[66610:259:0822/154530.963573:INFO:CONSOLE(41)] "[object Object]", source: https://arpediocom.sfdctest.lightning.force.com/libraries/instrumentation/beaconLib.BeaconLibrary.js (41)
[66610:259:0822/154531.169832:INFO:CONSOLE(13)] "An iframe which has both allow-scripts and allow-same-origin for its sandbox attribute can escape its sandboxing.", source: https://static.lightning.force.com/cs238/auraFW/javascript/MlRqRU5YT3pjWFRNenJranFOMWFjQXlMaWFpdmxPSTZWeEo0bWtiN0hsaXcyNDQuMjAuNC0yLjQxLjQ/aura_prod.js (13)
[66610:259:0822/154531.217285:WARNING:controller_impl.cc(1188)] Background download complete, client: 6, completion type: 0, file size:5083
[66644:21251:0822/154531.351462:ERROR:zip_reader.cc(387)] Cannot read file 'model.tflite' from ZIP: UNZ_ERRNO
[66644:21251:0822/154531.379485:ERROR:zip.cc(236)] Cannot extract file 'model.tflite' from ZIP
[66610:259:0822/154531.456503:WARNING:controller_impl.cc(1188)] Background download complete, client: 6, completion type: 0, file size:883094
[66610:259:0822/154531.456937:WARNING:controller_impl.cc(1188)] Background download complete, client: 6, completion type: 0, file size:45122
[66610:259:0822/154531.458297:INFO:CONSOLE(1)] "[ORCHESTRATION] In-App Guidance is disabled. To enable In-App Guidance, visit the settings modal on the In-App Guidance Setup Page.", source: https://arpediocom.sfdctest.lightning.force.com/components/one/onboardingManagerLibPrivate.js (1)
[66610:259:0822/154532.281679:INFO:CONSOLE(13)] "Failed to set the value "true" for the runtime feature flag "ENABLE_LIGHT_GET_ROOT_NODE_PATCH" because it is undefined. Available flags: "DUMMY_TEST_FLAG", "ENABLE_FORCE_NATIVE_SHADOW_MODE_FOR_TEST", "ENABLE_MIXED_SHADOW_MODE", "ENABLE_NATIVE_CUSTOM_ELEMENT_LIFECYCLE", "ENABLE_WIRE_SYNC_EMIT", "DISABLE_LIGHT_DOM_UNSCOPED_CSS", "ENABLE_FROZEN_TEMPLATE", "DISABLE_ARIA_REFLECTION_POLYFILL".", source: https://static.lightning.force.com/cs238/auraFW/javascript/MlRqRU5YT3pjWFRNenJranFOMWFjQXlMaWFpdmxPSTZWeEo0bWtiN0hsaXcyNDQuMjAuNC0yLjQxLjQ/aura_prod.js (13)
[66610:259:0822/154532.420910:INFO:CONSOLE(1)] "ComponentProfiler: Component-level profiling has not been enabled because "componentProfiler.instrumentation.ltng" gate is not open.", source: https://arpediocom.sfdctest.lightning.force.com/components/instrumentation/componentProfiler.js (1)
[66610:259:0822/154533.029270:INFO:CONSOLE(4)] "empApi setting initialized true for : undefined", source: https://arpediocom.sfdctest.lightning.force.com/components/force/empApi.js (4)
[66610:259:0822/154534.579071:INFO:CONSOLE(13)] "An iframe which has both allow-scripts and allow-same-origin for its sandbox attribute can escape its sandboxing.", source: https://static.lightning.force.com/cs238/auraFW/javascript/MlRqRU5YT3pjWFRNenJranFOMWFjQXlMaWFpdmxPSTZWeEo0bWtiN0hsaXcyNDQuMjAuNC0yLjQxLjQ/aura_prod.js (13)
[66610:259:0822/154534.678203:INFO:CONSOLE(13)] "An iframe which has both allow-scripts and allow-same-origin for its sandbox attribute can escape its sandboxing.", source: https://static.lightning.force.com/cs238/auraFW/javascript/MlRqRU5YT3pjWFRNenJranFOMWFjQXlMaWFpdmxPSTZWeEo0bWtiN0hsaXcyNDQuMjAuNC0yLjQxLjQ/aura_prod.js (13)
[66610:259:0822/154534.733900:INFO:CONSOLE(13)] "An iframe which has both allow-scripts and allow-same-origin for its sandbox attribute can escape its sandboxing.", source: https://static.lightning.force.com/cs238/auraFW/javascript/MlRqRU5YT3pjWFRNenJranFOMWFjQXlMaWFpdmxPSTZWeEo0bWtiN0hsaXcyNDQuMjAuNC0yLjQxLjQ/aura_prod.js (13)
[66610:259:0822/154534.857605:INFO:CONSOLE(1)] "<lightning-spinner> The alternativeText attribute should not be empty. Please add a description of what is causing the wait.", source: https://arpediocom.sfdctest.lightning.force.com/components/lightning/spinner.js (1)
[66610:259:0822/154537.225120:INFO:CONSOLE(154)] "[LEXI:navigator:communication] waiting for connection on page /apex/Arpedio1OpportunityAssessment", source: https://arpediocom--arpedio.sfdctest.vf.force.com/jslibrary/1660851398244/sfdc/AuraAlohaFrameNavigator.js (154)
[66610:259:0822/154537.368614:INFO:CONSOLE(155)] "[LEXI:navigator:communication] connection established on page /apex/Arpedio1OpportunityAssessment.  Lightning Message Service enabled: true", source: https://arpediocom--arpedio.sfdctest.vf.force.com/jslibrary/1660851398244/sfdc/AuraAlohaFrameNavigator.js (155)
[66610:259:0822/154537.753669:INFO:CONSOLE(13)] "Failed to set the value "true" for the runtime feature flag "ENABLE_LIGHT_GET_ROOT_NODE_PATCH" because it is undefined. Available flags: "DUMMY_TEST_FLAG", "ENABLE_FORCE_NATIVE_SHADOW_MODE_FOR_TEST", "ENABLE_MIXED_SHADOW_MODE", "ENABLE_NATIVE_CUSTOM_ELEMENT_LIFECYCLE", "ENABLE_WIRE_SYNC_EMIT", "DISABLE_LIGHT_DOM_UNSCOPED_CSS", "ENABLE_FROZEN_TEMPLATE", "DISABLE_ARIA_REFLECTION_POLYFILL".", source: https://arpediocom--arpedio.sfdctest.vf.force.com/auraFW/javascript/MlRqRU5YT3pjWFRNenJranFOMWFjQXlMaWFpdmxPSTZWeEo0bWtiN0hsaXcyNDQuMjAuNC0yLjQxLjQ/aura_prod.js (13)
[66610:259:0822/154537.964851:INFO:CONSOLE(13)] "Failed to set the value "true" for the runtime feature flag "ENABLE_LIGHT_GET_ROOT_NODE_PATCH" because it is undefined. Available flags: "DUMMY_TEST_FLAG", "ENABLE_FORCE_NATIVE_SHADOW_MODE_FOR_TEST", "ENABLE_MIXED_SHADOW_MODE", "ENABLE_NATIVE_CUSTOM_ELEMENT_LIFECYCLE", "ENABLE_WIRE_SYNC_EMIT", "DISABLE_LIGHT_DOM_UNSCOPED_CSS", "ENABLE_FROZEN_TEMPLATE", "DISABLE_ARIA_REFLECTION_POLYFILL".", source: https://arpediocom--arpediomatrix.sfdctest.vf.force.com/auraFW/javascript/MlRqRU5YT3pjWFRNenJranFOMWFjQXlMaWFpdmxPSTZWeEo0bWtiN0hsaXcyNDQuMjAuNC0yLjQxLjQ/aura_prod.js (13)
[66610:259:0822/154538.027068:INFO:CONSOLE(1)] "ComponentProfiler: Component-level profiling has not been enabled because "componentProfiler.instrumentation.ltng" gate is not open.", source: https://arpediocom--arpediomatrix.sfdctest.vf.force.com/components/instrumentation/componentProfiler.js (1)
[66610:259:0822/154538.138804:INFO:CONSOLE(1)] "ComponentProfiler: Component-level profiling has not been enabled because "componentProfiler.instrumentation.ltng" gate is not open.", source: https://arpediocom--arpedio.sfdctest.vf.force.com/components/instrumentation/componentProfiler.js (1)
[66610:259:0822/154538.195085:INFO:CONSOLE(1)] "[ORCHESTRATION] In-App Guidance is disabled. To enable In-App Guidance, visit the settings modal on the In-App Guidance Setup Page.", source: https://arpediocom.sfdctest.lightning.force.com/components/one/onboardingManagerLibPrivate.js (1)
[66610:259:0822/154538.555684:INFO:CONSOLE(1)] "<lightning-spinner> The alternativeText attribute should not be empty. Please add a description of what is causing the wait.", source: https://arpediocom--arpediomatrix.sfdctest.vf.force.com/components/lightning/spinner.js (1)
[66610:259:0822/154539.406512:INFO:CONSOLE(41)] "[object Object]", source: https://arpediocom.sfdctest.lightning.force.com/libraries/instrumentation/beaconLib.BeaconLibrary.js (41)
[66610:259:0822/154544.731012:INFO:CONSOLE(154)] "[LEXI:navigator:communication] waiting for connection on page /apex/Arpedio1MatrixOpportunity", source: https://arpediocom--arpediomatrix.sfdctest.vf.force.com/jslibrary/1660851398244/sfdc/AuraAlohaFrameNavigator.js (154)
[66610:259:0822/154544.838615:INFO:CONSOLE(155)] "[LEXI:navigator:communication] connection established on page /apex/Arpedio1MatrixOpportunity.  Lightning Message Service enabled: true", source: https://arpediocom--arpediomatrix.sfdctest.vf.force.com/jslibrary/1660851398244/sfdc/AuraAlohaFrameNavigator.js (155)
[66610:259:0822/154545.228845:INFO:CONSOLE(13)] "Failed to set the value "true" for the runtime feature flag "ENABLE_LIGHT_GET_ROOT_NODE_PATCH" because it is undefined. Available flags: "DUMMY_TEST_FLAG", "ENABLE_FORCE_NATIVE_SHADOW_MODE_FOR_TEST", "ENABLE_MIXED_SHADOW_MODE", "ENABLE_NATIVE_CUSTOM_ELEMENT_LIFECYCLE", "ENABLE_WIRE_SYNC_EMIT", "DISABLE_LIGHT_DOM_UNSCOPED_CSS", "ENABLE_FROZEN_TEMPLATE", "DISABLE_ARIA_REFLECTION_POLYFILL".", source: https://arpediocom--arpediomatrix.sfdctest.vf.force.com/auraFW/javascript/MlRqRU5YT3pjWFRNenJranFOMWFjQXlMaWFpdmxPSTZWeEo0bWtiN0hsaXcyNDQuMjAuNC0yLjQxLjQ/aura_prod.js (13)
[66610:259:0822/154545.285442:INFO:CONSOLE(1)] "ComponentProfiler: Component-level profiling has not been enabled because "componentProfiler.instrumentation.ltng" gate is not open.", source: https://arpediocom--arpediomatrix.sfdctest.vf.force.com/components/instrumentation/componentProfiler.js (1)
[66610:259:0822/154547.382275:INFO:CONSOLE(1506)] "[object HTMLButtonElement]", source:  (1506)
[66610:259:0822/154547.481841:INFO:CONSOLE(1506)] "[object HTMLButtonElement]", source:  (1506)
[66610:259:0822/154547.561366:INFO:CONSOLE(1506)] "[object HTMLButtonElement]", source:  (1506)
[66610:259:0822/154547.625674:INFO:CONSOLE(1506)] "[object HTMLButtonElement]", source:  (1506)
[66610:259:0822/154547.792877:INFO:CONSOLE(1506)] "[object HTMLButtonElement]", source:  (1506)
[66610:259:0822/154548.007182:INFO:CONSOLE(1506)] "[object HTMLButtonElement]", source:  (1506)
[66610:259:0822/154548.138869:INFO:CONSOLE(1506)] "[object HTMLButtonElement]", source:  (1506)
[66610:259:0822/154548.209697:INFO:CONSOLE(1506)] "[object HTMLButtonElement]", source:  (1506)
[66610:259:0822/154548.287284:INFO:CONSOLE(1506)] "[object HTMLButtonElement]", source:  (1506)
[66610:259:0822/154548.352433:INFO:CONSOLE(1506)] "[object HTMLButtonElement]", source:  (1506)
[66610:259:0822/154548.414137:INFO:CONSOLE(1506)] "[object HTMLButtonElement]", source:  (1506)
[66610:259:0822/154548.506239:INFO:CONSOLE(1506)] "[object HTMLButtonElement]", source:  (1506)
[66610:259:0822/154548.566567:INFO:CONSOLE(1506)] "[object HTMLButtonElement]", source:  (1506)
[66610:259:0822/154548.659401:INFO:CONSOLE(1506)] "[object HTMLButtonElement]", source:  (1506)
[66610:259:0822/154549.419257:INFO:CONSOLE(1)] "<lightning-spinner> The alternativeText attribute should not be empty. Please add a description of what is causing the wait.", source: https://arpediocom.sfdctest.lightning.force.com/components/lightning/spinner.js (1)
[66610:259:0822/154549.430356:INFO:CONSOLE(1)] "<lightning-spinner> The alternativeText attribute should not be empty. Please add a description of what is causing the wait.", source: https://arpediocom.sfdctest.lightning.force.com/components/lightning/spinner.js (1)
[66610:259:0822/154549.672099:INFO:CONSOLE(1)] "<lightning-spinner> The alternativeText attribute should not be empty. Please add a description of what is causing the wait.", source: https://arpediocom.sfdctest.lightning.force.com/components/lightning/spinner.js (1)
[66610:259:0822/154550.249017:INFO:CONSOLE(1)] "<lightning-spinner> The alternativeText attribute should not be empty. Please add a description of what is causing the wait.", source: https://arpediocom.sfdctest.lightning.force.com/components/lightning/spinner.js (1)
[66610:259:0822/154550.250969:INFO:CONSOLE(1)] "<lightning-spinner> The alternativeText attribute should not be empty. Please add a description of what is causing the wait.", source: https://arpediocom.sfdctest.lightning.force.com/components/lightning/spinner.js (1)
[66610:259:0822/154550.252622:INFO:CONSOLE(1)] "<lightning-spinner> The alternativeText attribute should not be empty. Please add a description of what is causing the wait.", source: https://arpediocom.sfdctest.lightning.force.com/components/lightning/spinner.js (1)
[66610:259:0822/154550.254434:INFO:CONSOLE(1)] "<lightning-spinner> The alternativeText attribute should not be empty. Please add a description of what is causing the wait.", source: https://arpediocom.sfdctest.lightning.force.com/components/lightning/spinner.js (1)
[66610:259:0822/154550.256404:INFO:CONSOLE(1)] "<lightning-spinner> The alternativeText attribute should not be empty. Please add a description of what is causing the wait.", source: https://arpediocom.sfdctest.lightning.force.com/components/lightning/spinner.js (1)
[66610:259:0822/154550.258587:INFO:CONSOLE(1)] "<lightning-spinner> The alternativeText attribute should not be empty. Please add a description of what is causing the wait.", source: https://arpediocom.sfdctest.lightning.force.com/components/lightning/spinner.js (1)
[66610:259:0822/154550.954723:INFO:CONSOLE(41)] "[object Object]", source: https://arpediocom.sfdctest.lightning.force.com/libraries/instrumentation/beaconLib.BeaconLibrary.js (41)
[66610:259:0822/154551.389290:INFO:CONSOLE(1506)] "[object HTMLTableRowElement],[object HTMLTableRowElement],[object HTMLTableRowElement],[object HTMLTableRowElement],[object HTMLTableRowElement],[object HTMLTableRowElement],[object HTMLTableRowElement]", source:  (1506)
[66610:259:0822/154551.422284:INFO:CONSOLE(1506)] "[object HTMLTableRowElement],[object HTMLTableRowElement],[object HTMLTableRowElement],[object HTMLTableRowElement],[object HTMLTableRowElement],[object HTMLTableRowElement],[object HTMLTableRowElement]", source:  (1506)
[66610:259:0822/154551.450457:INFO:CONSOLE(1506)] "[object HTMLTableCellElement],[object HTMLTableCellElement]", source:  (1506)
[66610:259:0822/154551.521825:INFO:CONSOLE(1506)] "[object HTMLTableRowElement],[object HTMLTableRowElement],[object HTMLTableRowElement],[object HTMLTableRowElement],[object HTMLTableRowElement],[object HTMLTableRowElement],[object HTMLTableRowElement]", source:  (1506)
[66610:259:0822/154551.555494:INFO:CONSOLE(1506)] "[object HTMLTableRowElement],[object HTMLTableRowElement],[object HTMLTableRowElement],[object HTMLTableRowElement],[object HTMLTableRowElement],[object HTMLTableRowElement],[object HTMLTableRowElement]", source:  (1506)
[66610:259:0822/154551.585168:INFO:CONSOLE(1506)] "[object HTMLTableCellElement],[object HTMLTableCellElement]", source:  (1506)
[66610:259:0822/154551.647400:INFO:CONSOLE(1506)] "[object HTMLTableRowElement],[object HTMLTableRowElement],[object HTMLTableRowElement],[object HTMLTableRowElement],[object HTMLTableRowElement],[object HTMLTableRowElement],[object HTMLTableRowElement]", source:  (1506)
[66610:259:0822/154551.678458:INFO:CONSOLE(1506)] "[object HTMLTableRowElement],[object HTMLTableRowElement],[object HTMLTableRowElement],[object HTMLTableRowElement],[object HTMLTableRowElement],[object HTMLTableRowElement],[object HTMLTableRowElement]", source:  (1506)
[66610:259:0822/154551.704808:INFO:CONSOLE(1506)] "[object HTMLTableCellElement],[object HTMLTableCellElement]", source:  (1506)
[66610:259:0822/154551.960186:INFO:CONSOLE(1506)] "[object HTMLTableRowElement],[object HTMLTableRowElement],[object HTMLTableRowElement],[object HTMLTableRowElement],[object HTMLTableRowElement],[object HTMLTableRowElement],[object HTMLTableRowElement]", source:  (1506)
[66610:259:0822/154553.267825:INFO:CONSOLE(1506)] "[object HTMLTableRowElement],[object HTMLTableRowElement],[object HTMLTableRowElement],[object HTMLTableRowElement],[object HTMLTableRowElement],[object HTMLTableRowElement],[object HTMLTableRowElement]", source:  (1506)
[66610:259:0822/154553.296359:INFO:CONSOLE(1506)] "[object HTMLTableRowElement],[object HTMLTableRowElement],[object HTMLTableRowElement],[object HTMLTableRowElement],[object HTMLTableRowElement],[object HTMLTableRowElement],[object HTMLTableRowElement]", source:  (1506)
[66610:259:0822/154553.322177:INFO:CONSOLE(1506)] "[object HTMLTableCellElement],[object HTMLTableCellElement]", source:  (1506)
[66610:259:0822/154553.371522:INFO:CONSOLE(1506)] "[object HTMLTableRowElement],[object HTMLTableRowElement],[object HTMLTableRowElement],[object HTMLTableRowElement],[object HTMLTableRowElement],[object HTMLTableRowElement],[object HTMLTableRowElement]", source:  (1506)
[66610:259:0822/154553.398933:INFO:CONSOLE(1506)] "[object HTMLTableRowElement],[object HTMLTableRowElement],[object HTMLTableRowElement],[object HTMLTableRowElement],[object HTMLTableRowElement],[object HTMLTableRowElement],[object HTMLTableRowElement]", source:  (1506)
[66610:259:0822/154553.426128:INFO:CONSOLE(1506)] "[object HTMLTableCellElement],[object HTMLTableCellElement]", source:  (1506)
[66610:259:0822/154553.477501:INFO:CONSOLE(1506)] "[object HTMLTableRowElement],[object HTMLTableRowElement],[object HTMLTableRowElement],[object HTMLTableRowElement],[object HTMLTableRowElement],[object HTMLTableRowElement],[object HTMLTableRowElement]", source:  (1506)
[66610:259:0822/154553.506620:INFO:CONSOLE(1506)] "[object HTMLTableRowElement],[object HTMLTableRowElement],[object HTMLTableRowElement],[object HTMLTableRowElement],[object HTMLTableRowElement],[object HTMLTableRowElement],[object HTMLTableRowElement]", source:  (1506)
[66610:259:0822/154553.532651:INFO:CONSOLE(1506)] "[object HTMLTableCellElement],[object HTMLTableCellElement]", source:  (1506)
[66610:259:0822/154553.657288:INFO:CONSOLE(1506)] "[object HTMLTableRowElement],[object HTMLTableRowElement],[object HTMLTableRowElement],[object HTMLTableRowElement],[object HTMLTableRowElement],[object HTMLTableRowElement],[object HTMLTableRowElement]", source:  (1506)
[66610:259:0822/154553.693156:INFO:CONSOLE(1506)] "[object HTMLDivElement]", source:  (1506)
[66610:259:0822/154553.725563:INFO:CONSOLE(1506)] "[object HTMLDivElement]", source:  (1506)
[66610:259:0822/154553.758194:INFO:CONSOLE(1506)] "[object HTMLDivElement]", source:  (1506)
[66610:259:0822/154553.801239:INFO:CONSOLE(1506)] "[object HTMLDivElement]", source:  (1506)
[66610:259:0822/154553.840288:INFO:CONSOLE(1506)] "[object HTMLDivElement]", source:  (1506)
[66610:259:0822/154553.878503:INFO:CONSOLE(1506)] "[object HTMLDivElement]", source:  (1506)
[66610:259:0822/154553.923284:INFO:CONSOLE(1506)] "[object HTMLDivElement]", source:  (1506)
[66610:259:0822/154553.957105:INFO:CONSOLE(1506)] "[object HTMLDivElement]", source:  (1506)
[66610:259:0822/154554.006152:INFO:CONSOLE(1506)] "[object HTMLDivElement]", source:  (1506)
[66610:259:0822/154554.045966:INFO:CONSOLE(1506)] "[object HTMLDivElement]", source:  (1506)
[66610:259:0822/154554.100441:INFO:CONSOLE(1506)] "[object HTMLDivElement]", source:  (1506)
[66610:259:0822/154554.141733:INFO:CONSOLE(1506)] "[object HTMLDivElement]", source:  (1506)
[66610:259:0822/154554.236665:INFO:CONSOLE(1506)] "[object HTMLDivElement]", source:  (1506)
[66610:259:0822/154554.282334:INFO:CONSOLE(1506)] "[object HTMLDivElement]", source:  (1506)
[66610:259:0822/154554.349779:INFO:CONSOLE(1506)] "[object HTMLDivElement]", source:  (1506)
[66610:259:0822/154554.393342:INFO:CONSOLE(1506)] "[object HTMLDivElement]", source:  (1506)
[66610:259:0822/154554.441546:INFO:CONSOLE(1506)] "[object HTMLDivElement]", source:  (1506)
[66610:259:0822/154554.481859:INFO:CONSOLE(1506)] "[object HTMLDivElement]", source:  (1506)
[66610:259:0822/154554.521129:INFO:CONSOLE(1506)] "[object HTMLDivElement]", source:  (1506)
[66610:259:0822/154554.680206:INFO:CONSOLE(1506)] "[object HTMLTableRowElement],[object HTMLTableRowElement],[object HTMLTableRowElement],[object HTMLTableRowElement],[object HTMLTableRowElement],[object HTMLTableRowElement],[object HTMLTableRowElement]", source:  (1506)
[66610:259:0822/154554.711634:INFO:CONSOLE(1506)] "[object HTMLTableRowElement],[object HTMLTableRowElement],[object HTMLTableRowElement],[object HTMLTableRowElement],[object HTMLTableRowElement],[object HTMLTableRowElement],[object HTMLTableRowElement]", source:  (1506)
[66610:259:0822/154554.736791:INFO:CONSOLE(1506)] "[object HTMLTableCellElement],[object HTMLTableCellElement]", source:  (1506)
[66610:259:0822/154554.789431:INFO:CONSOLE(1506)] "[object HTMLTableRowElement],[object HTMLTableRowElement],[object HTMLTableRowElement],[object HTMLTableRowElement],[object HTMLTableRowElement],[object HTMLTableRowElement],[object HTMLTableRowElement]", source:  (1506)
[66610:259:0822/154554.818433:INFO:CONSOLE(1506)] "[object HTMLTableRowElement],[object HTMLTableRowElement],[object HTMLTableRowElement],[object HTMLTableRowElement],[object HTMLTableRowElement],[object HTMLTableRowElement],[object HTMLTableRowElement]", source:  (1506)
[66610:259:0822/154554.842009:INFO:CONSOLE(1506)] "[object HTMLTableCellElement],[object HTMLTableCellElement]", source:  (1506)
[66610:259:0822/154554.898391:INFO:CONSOLE(1506)] "[object HTMLTableRowElement],[object HTMLTableRowElement],[object HTMLTableRowElement],[object HTMLTableRowElement],[object HTMLTableRowElement],[object HTMLTableRowElement],[object HTMLTableRowElement]", source:  (1506)
[66610:259:0822/154554.930411:INFO:CONSOLE(1506)] "[object HTMLTableRowElement],[object HTMLTableRowElement],[object HTMLTableRowElement],[object HTMLTableRowElement],[object HTMLTableRowElement],[object HTMLTableRowElement],[object HTMLTableRowElement]", source:  (1506)
[66610:259:0822/154554.954961:INFO:CONSOLE(1506)] "[object HTMLTableCellElement],[object HTMLTableCellElement]", source:  (1506)
[66610:259:0822/154555.215884:INFO:CONSOLE(1506)] "[object HTMLTableRowElement],[object HTMLTableRowElement],[object HTMLTableRowElement],[object HTMLTableRowElement],[object HTMLTableRowElement],[object HTMLTableRowElement],[object HTMLTableRowElement]", source:  (1506)
[66610:259:0822/154555.262408:INFO:CONSOLE(1506)] "[object HTMLDivElement]", source:  (1506)
[66610:259:0822/154555.295853:INFO:CONSOLE(1506)] "[object HTMLDivElement]", source:  (1506)
[66610:259:0822/154555.332858:INFO:CONSOLE(1506)] "[object HTMLDivElement]", source:  (1506)
[66610:259:0822/154555.377403:INFO:CONSOLE(1506)] "[object HTMLDivElement]", source:  (1506)
[66610:259:0822/154555.419928:INFO:CONSOLE(1506)] "[object HTMLDivElement]", source:  (1506)
[66610:259:0822/154555.456902:INFO:CONSOLE(1506)] "[object HTMLDivElement]", source:  (1506)
[66610:259:0822/154555.502183:INFO:CONSOLE(1506)] "[object HTMLDivElement]", source:  (1506)
[66610:259:0822/154555.532938:INFO:CONSOLE(1506)] "[object HTMLDivElement]", source:  (1506)
[66610:259:0822/154555.582608:INFO:CONSOLE(1506)] "[object HTMLDivElement]", source:  (1506)
[66610:259:0822/154555.630600:INFO:CONSOLE(1506)] "[object HTMLDivElement]", source:  (1506)
[66610:259:0822/154555.684772:INFO:CONSOLE(1506)] "[object HTMLDivElement]", source:  (1506)
[66610:259:0822/154555.739809:INFO:CONSOLE(1506)] "[object HTMLDivElement]", source:  (1506)
[66610:259:0822/154555.805852:INFO:CONSOLE(1506)] "[object HTMLDivElement]", source:  (1506)
[66610:259:0822/154555.850933:INFO:CONSOLE(1506)] "[object HTMLDivElement]", source:  (1506)
[66610:259:0822/154555.911712:INFO:CONSOLE(1506)] "[object HTMLDivElement]", source:  (1506)
[66610:259:0822/154555.953992:INFO:CONSOLE(1506)] "[object HTMLDivElement]", source:  (1506)
[66610:259:0822/154556.003075:INFO:CONSOLE(1506)] "[object HTMLDivElement]", source:  (1506)
[66610:259:0822/154556.048298:INFO:CONSOLE(1506)] "[object HTMLDivElement]", source:  (1506)
[66610:259:0822/154556.089637:INFO:CONSOLE(1506)] "[object HTMLDivElement]", source:  (1506)
[66610:259:0822/154556.249277:INFO:CONSOLE(1506)] "[object HTMLTableRowElement],[object HTMLTableRowElement],[object HTMLTableRowElement],[object HTMLTableRowElement],[object HTMLTableRowElement],[object HTMLTableRowElement],[object HTMLTableRowElement]", source:  (1506)
[66610:259:0822/154556.280994:INFO:CONSOLE(1506)] "[object HTMLTableRowElement],[object HTMLTableRowElement],[object HTMLTableRowElement],[object HTMLTableRowElement],[object HTMLTableRowElement],[object HTMLTableRowElement],[object HTMLTableRowElement]", source:  (1506)
[66610:259:0822/154556.305653:INFO:CONSOLE(1506)] "[object HTMLTableCellElement],[object HTMLTableCellElement]", source:  (1506)
[66610:259:0822/154556.353632:INFO:CONSOLE(1506)] "[object HTMLTableRowElement],[object HTMLTableRowElement],[object HTMLTableRowElement],[object HTMLTableRowElement],[object HTMLTableRowElement],[object HTMLTableRowElement],[object HTMLTableRowElement]", source:  (1506)
[66610:259:0822/154556.382702:INFO:CONSOLE(1506)] "[object HTMLTableRowElement],[object HTMLTableRowElement],[object HTMLTableRowElement],[object HTMLTableRowElement],[object HTMLTableRowElement],[object HTMLTableRowElement],[object HTMLTableRowElement]", source:  (1506)
[66610:259:0822/154556.406976:INFO:CONSOLE(1506)] "[object HTMLTableCellElement],[object HTMLTableCellElement]", source:  (1506)
[66610:259:0822/154556.454401:INFO:CONSOLE(1506)] "[object HTMLTableRowElement],[object HTMLTableRowElement],[object HTMLTableRowElement],[object HTMLTableRowElement],[object HTMLTableRowElement],[object HTMLTableRowElement],[object HTMLTableRowElement]", source:  (1506)
[66610:259:0822/154556.483793:INFO:CONSOLE(1506)] "[object HTMLTableRowElement],[object HTMLTableRowElement],[object HTMLTableRowElement],[object HTMLTableRowElement],[object HTMLTableRowElement],[object HTMLTableRowElement],[object HTMLTableRowElement]", source:  (1506)
[66610:259:0822/154556.512337:INFO:CONSOLE(1506)] "[object HTMLTableCellElement],[object HTMLTableCellElement]", source:  (1506)
[66610:259:0822/154556.614332:INFO:CONSOLE(1506)] "[object HTMLTableRowElement],[object HTMLTableRowElement],[object HTMLTableRowElement],[object HTMLTableRowElement],[object HTMLTableRowElement],[object HTMLTableRowElement],[object HTMLTableRowElement]", source:  (1506)
[66610:259:0822/154556.658455:INFO:CONSOLE(1506)] "[object HTMLDivElement]", source:  (1506)
[66610:259:0822/154556.693046:INFO:CONSOLE(1506)] "[object HTMLDivElement]", source:  (1506)
[66610:259:0822/154556.728386:INFO:CONSOLE(1506)] "[object HTMLDivElement]", source:  (1506)
[66610:259:0822/154556.765113:INFO:CONSOLE(1506)] "[object HTMLDivElement]", source:  (1506)
[66610:259:0822/154556.802028:INFO:CONSOLE(1506)] "[object HTMLDivElement]", source:  (1506)
[66610:259:0822/154556.840218:INFO:CONSOLE(1506)] "[object HTMLDivElement]", source:  (1506)
[66610:259:0822/154556.883101:INFO:CONSOLE(1506)] "[object HTMLDivElement]", source:  (1506)
[66610:259:0822/154556.912878:INFO:CONSOLE(1506)] "[object HTMLDivElement]", source:  (1506)
[66610:259:0822/154556.959435:INFO:CONSOLE(1506)] "[object HTMLDivElement]", source:  (1506)
[66610:259:0822/154557.003412:INFO:CONSOLE(1506)] "[object HTMLDivElement]", source:  (1506)
[66610:259:0822/154557.055052:INFO:CONSOLE(1506)] "[object HTMLDivElement]", source:  (1506)
[66610:259:0822/154557.099799:INFO:CONSOLE(1506)] "[object HTMLDivElement]", source:  (1506)
[66610:259:0822/154557.161876:INFO:CONSOLE(1506)] "[object HTMLDivElement]", source:  (1506)
[66610:259:0822/154557.210417:INFO:CONSOLE(1506)] "[object HTMLDivElement]", source:  (1506)
[66610:259:0822/154557.273138:INFO:CONSOLE(1506)] "[object HTMLDivElement]", source:  (1506)
[66610:259:0822/154557.318320:INFO:CONSOLE(1506)] "[object HTMLDivElement]", source:  (1506)
[66610:259:0822/154557.367905:INFO:CONSOLE(1506)] "[object HTMLDivElement]", source:  (1506)
[66610:259:0822/154557.409346:INFO:CONSOLE(1506)] "[object HTMLDivElement]", source:  (1506)
[66610:259:0822/154557.451492:INFO:CONSOLE(1506)] "[object HTMLDivElement]", source:  (1506)
[66610:259:0822/154557.620898:INFO:CONSOLE(1506)] "[object HTMLTableRowElement],[object HTMLTableRowElement],[object HTMLTableRowElement],[object HTMLTableRowElement],[object HTMLTableRowElement],[object HTMLTableRowElement],[object HTMLTableRowElement]", source:  (1506)
[66610:259:0822/154557.655236:INFO:CONSOLE(1506)] "[object HTMLTableRowElement],[object HTMLTableRowElement],[object HTMLTableRowElement],[object HTMLTableRowElement],[object HTMLTableRowElement],[object HTMLTableRowElement],[object HTMLTableRowElement]", source:  (1506)
[66610:259:0822/154557.682469:INFO:CONSOLE(1506)] "[object HTMLTableCellElement],[object HTMLTableCellElement]", source:  (1506)
[66610:259:0822/154557.732480:INFO:CONSOLE(1506)] "[object HTMLTableRowElement],[object HTMLTableRowElement],[object HTMLTableRowElement],[object HTMLTableRowElement],[object HTMLTableRowElement],[object HTMLTableRowElement],[object HTMLTableRowElement]", source:  (1506)
[66610:259:0822/154557.763179:INFO:CONSOLE(1506)] "[object HTMLTableRowElement],[object HTMLTableRowElement],[object HTMLTableRowElement],[object HTMLTableRowElement],[object HTMLTableRowElement],[object HTMLTableRowElement],[object HTMLTableRowElement]", source:  (1506)
[66610:259:0822/154557.791687:INFO:CONSOLE(1506)] "[object HTMLTableCellElement],[object HTMLTableCellElement]", source:  (1506)
[66610:259:0822/154557.845192:INFO:CONSOLE(1506)] "[object HTMLTableRowElement],[object HTMLTableRowElement],[object HTMLTableRowElement],[object HTMLTableRowElement],[object HTMLTableRowElement],[object HTMLTableRowElement],[object HTMLTableRowElement]", source:  (1506)
[66610:259:0822/154557.879078:INFO:CONSOLE(1506)] "[object HTMLTableRowElement],[object HTMLTableRowElement],[object HTMLTableRowElement],[object HTMLTableRowElement],[object HTMLTableRowElement],[object HTMLTableRowElement],[object HTMLTableRowElement]", source:  (1506)
[66610:259:0822/154557.904868:INFO:CONSOLE(1506)] "[object HTMLTableCellElement],[object HTMLTableCellElement]", source:  (1506)
[66610:259:0822/154558.012482:INFO:CONSOLE(1506)] "[object HTMLTableRowElement],[object HTMLTableRowElement],[object HTMLTableRowElement],[object HTMLTableRowElement],[object HTMLTableRowElement],[object HTMLTableRowElement],[object HTMLTableRowElement]", source:  (1506)
[66610:259:0822/154558.047285:INFO:CONSOLE(1506)] "[object HTMLDivElement]", source:  (1506)
[66610:259:0822/154558.083258:INFO:CONSOLE(1506)] "[object HTMLDivElement]", source:  (1506)
[66610:259:0822/154558.118080:INFO:CONSOLE(1506)] "[object HTMLDivElement]", source:  (1506)
[66610:259:0822/154558.157204:INFO:CONSOLE(1506)] "[object HTMLDivElement]", source:  (1506)
[66610:259:0822/154558.192956:INFO:CONSOLE(1506)] "[object HTMLDivElement]", source:  (1506)
[66610:259:0822/154558.229040:INFO:CONSOLE(1506)] "[object HTMLDivElement]", source:  (1506)
[66610:259:0822/154558.272134:INFO:CONSOLE(1506)] "[object HTMLDivElement]", source:  (1506)
[66610:259:0822/154558.305483:INFO:CONSOLE(1506)] "[object HTMLDivElement]", source:  (1506)
[66610:259:0822/154558.349976:INFO:CONSOLE(1506)] "[object HTMLDivElement]", source:  (1506)
[66610:259:0822/154558.405597:INFO:CONSOLE(1506)] "[object HTMLDivElement]", source:  (1506)
[66610:259:0822/154558.465526:INFO:CONSOLE(1506)] "[object HTMLDivElement]", source:  (1506)
[66610:259:0822/154558.509071:INFO:CONSOLE(1506)] "[object HTMLDivElement]", source:  (1506)
[66610:259:0822/154558.584267:INFO:CONSOLE(1506)] "[object HTMLDivElement]", source:  (1506)
[66610:259:0822/154558.632240:INFO:CONSOLE(1506)] "[object HTMLDivElement]", source:  (1506)
[66610:259:0822/154558.694753:INFO:CONSOLE(1506)] "[object HTMLDivElement]", source:  (1506)
[66610:259:0822/154558.741361:INFO:CONSOLE(1506)] "[object HTMLDivElement]", source:  (1506)
[66610:259:0822/154558.790925:INFO:CONSOLE(1506)] "[object HTMLDivElement]", source:  (1506)
[66610:259:0822/154558.838011:INFO:CONSOLE(1506)] "[object HTMLDivElement]", source:  (1506)
[66610:259:0822/154558.878593:INFO:CONSOLE(1506)] "[object HTMLDivElement]", source:  (1506)
[66610:259:0822/154559.020397:INFO:CONSOLE(1506)] "[object HTMLTableRowElement],[object HTMLTableRowElement],[object HTMLTableRowElement],[object HTMLTableRowElement],[object HTMLTableRowElement],[object HTMLTableRowElement],[object HTMLTableRowElement]", source:  (1506)
[66610:259:0822/154559.047324:INFO:CONSOLE(1506)] "[object HTMLTableRowElement],[object HTMLTableRowElement],[object HTMLTableRowElement],[object HTMLTableRowElement],[object HTMLTableRowElement],[object HTMLTableRowElement],[object HTMLTableRowElement]", source:  (1506)
[66610:259:0822/154559.070896:INFO:CONSOLE(1506)] "[object HTMLTableCellElement],[object HTMLTableCellElement]", source:  (1506)
[66610:259:0822/154559.118543:INFO:CONSOLE(1506)] "[object HTMLTableRowElement],[object HTMLTableRowElement],[object HTMLTableRowElement],[object HTMLTableRowElement],[object HTMLTableRowElement],[object HTMLTableRowElement],[object HTMLTableRowElement]", source:  (1506)
[66610:259:0822/154559.144931:INFO:CONSOLE(1506)] "[object HTMLTableRowElement],[object HTMLTableRowElement],[object HTMLTableRowElement],[object HTMLTableRowElement],[object HTMLTableRowElement],[object HTMLTableRowElement],[object HTMLTableRowElement]", source:  (1506)
[66610:259:0822/154559.167679:INFO:CONSOLE(1506)] "[object HTMLTableCellElement],[object HTMLTableCellElement]", source:  (1506)
[66610:259:0822/154559.216560:INFO:CONSOLE(1506)] "[object HTMLTableRowElement],[object HTMLTableRowElement],[object HTMLTableRowElement],[object HTMLTableRowElement],[object HTMLTableRowElement],[object HTMLTableRowElement],[object HTMLTableRowElement]", source:  (1506)
[66610:259:0822/154559.245004:INFO:CONSOLE(1506)] "[object HTMLTableRowElement],[object HTMLTableRowElement],[object HTMLTableRowElement],[object HTMLTableRowElement],[object HTMLTableRowElement],[object HTMLTableRowElement],[object HTMLTableRowElement]", source:  (1506)
[66610:259:0822/154559.272247:INFO:CONSOLE(1506)] "[object HTMLTableCellElement],[object HTMLTableCellElement]", source:  (1506)
[66610:259:0822/154559.381756:INFO:CONSOLE(1506)] "[object HTMLTableRowElement],[object HTMLTableRowElement],[object HTMLTableRowElement],[object HTMLTableRowElement],[object HTMLTableRowElement],[object HTMLTableRowElement],[object HTMLTableRowElement]", source:  (1506)
[66610:259:0822/154559.421654:INFO:CONSOLE(1506)] "[object HTMLDivElement]", source:  (1506)
[66610:259:0822/154559.456745:INFO:CONSOLE(1506)] "[object HTMLDivElement]", source:  (1506)
[66610:259:0822/154559.489361:INFO:CONSOLE(1506)] "[object HTMLDivElement]", source:  (1506)
[66610:259:0822/154559.529043:INFO:CONSOLE(1506)] "[object HTMLDivElement]", source:  (1506)
[66610:259:0822/154559.566790:INFO:CONSOLE(1506)] "[object HTMLDivElement]", source:  (1506)
[66610:259:0822/154559.606950:INFO:CONSOLE(1506)] "[object HTMLDivElement]", source:  (1506)
[66610:259:0822/154559.654899:INFO:CONSOLE(1506)] "[object HTMLDivElement]", source:  (1506)
[66610:259:0822/154559.686735:INFO:CONSOLE(1506)] "[object HTMLDivElement]", source:  (1506)
[66610:259:0822/154559.738557:INFO:CONSOLE(1506)] "[object HTMLDivElement]", source:  (1506)
[66610:259:0822/154559.785469:INFO:CONSOLE(1506)] "[object HTMLDivElement]", source:  (1506)
[66610:259:0822/154559.840688:INFO:CONSOLE(1506)] "[object HTMLDivElement]", source:  (1506)
[66610:259:0822/154559.882076:INFO:CONSOLE(1506)] "[object HTMLDivElement]", source:  (1506)
[66610:259:0822/154559.941532:INFO:CONSOLE(1506)] "[object HTMLDivElement]", source:  (1506)
[66610:259:0822/154559.983100:INFO:CONSOLE(1506)] "[object HTMLDivElement]", source:  (1506)
[66610:259:0822/154600.043126:INFO:CONSOLE(1506)] "[object HTMLDivElement]", source:  (1506)
[66610:259:0822/154600.089607:INFO:CONSOLE(1506)] "[object HTMLDivElement]", source:  (1506)
[66610:259:0822/154600.137447:INFO:CONSOLE(1506)] "[object HTMLDivElement]", source:  (1506)
[66610:259:0822/154600.182762:INFO:CONSOLE(1506)] "[object HTMLDivElement]", source:  (1506)
[66610:259:0822/154600.250577:INFO:CONSOLE(1506)] "[object HTMLDivElement]", source:  (1506)
[66610:259:0822/154600.398324:INFO:CONSOLE(1506)] "[object HTMLTableRowElement],[object HTMLTableRowElement],[object HTMLTableRowElement],[object HTMLTableRowElement],[object HTMLTableRowElement],[object HTMLTableRowElement],[object HTMLTableRowElement]", source:  (1506)
[66610:259:0822/154600.428196:INFO:CONSOLE(1506)] "[object HTMLTableRowElement],[object HTMLTableRowElement],[object HTMLTableRowElement],[object HTMLTableRowElement],[object HTMLTableRowElement],[object HTMLTableRowElement],[object HTMLTableRowElement]", source:  (1506)
[66610:259:0822/154600.452238:INFO:CONSOLE(1506)] "[object HTMLTableCellElement],[object HTMLTableCellElement]", source:  (1506)
[66610:259:0822/154600.499360:INFO:CONSOLE(1506)] "[object HTMLTableRowElement],[object HTMLTableRowElement],[object HTMLTableRowElement],[object HTMLTableRowElement],[object HTMLTableRowElement],[object HTMLTableRowElement],[object HTMLTableRowElement]", source:  (1506)
[66610:259:0822/154600.528506:INFO:CONSOLE(1506)] "[object HTMLTableRowElement],[object HTMLTableRowElement],[object HTMLTableRowElement],[object HTMLTableRowElement],[object HTMLTableRowElement],[object HTMLTableRowElement],[object HTMLTableRowElement]", source:  (1506)
[66610:259:0822/154600.553263:INFO:CONSOLE(1506)] "[object HTMLTableCellElement],[object HTMLTableCellElement]", source:  (1506)
[66610:259:0822/154600.600595:INFO:CONSOLE(1506)] "[object HTMLTableRowElement],[object HTMLTableRowElement],[object HTMLTableRowElement],[object HTMLTableRowElement],[object HTMLTableRowElement],[object HTMLTableRowElement],[object HTMLTableRowElement]", source:  (1506)
[66610:259:0822/154600.634058:INFO:CONSOLE(1506)] "[object HTMLTableRowElement],[object HTMLTableRowElement],[object HTMLTableRowElement],[object HTMLTableRowElement],[object HTMLTableRowElement],[object HTMLTableRowElement],[object HTMLTableRowElement]", source:  (1506)
[66610:259:0822/154600.656988:INFO:CONSOLE(1506)] "[object HTMLTableCellElement],[object HTMLTableCellElement]", source:  (1506)
[66610:259:0822/154600.756546:INFO:CONSOLE(1506)] "[object HTMLTableRowElement],[object HTMLTableRowElement],[object HTMLTableRowElement],[object HTMLTableRowElement],[object HTMLTableRowElement],[object HTMLTableRowElement],[object HTMLTableRowElement]", source:  (1506)
[66610:259:0822/154600.790427:INFO:CONSOLE(1506)] "[object HTMLDivElement]", source:  (1506)
[66610:259:0822/154600.821630:INFO:CONSOLE(1506)] "[object HTMLDivElement]", source:  (1506)
[66610:259:0822/154600.855148:INFO:CONSOLE(1506)] "[object HTMLDivElement]", source:  (1506)
[66610:259:0822/154600.891718:INFO:CONSOLE(1506)] "[object HTMLDivElement]", source:  (1506)
[66610:259:0822/154600.928077:INFO:CONSOLE(1506)] "[object HTMLDivElement]", source:  (1506)
[66610:259:0822/154600.966126:INFO:CONSOLE(1506)] "[object HTMLDivElement]", source:  (1506)
[66610:259:0822/154601.008146:INFO:CONSOLE(1506)] "[object HTMLDivElement]", source:  (1506)
[66610:259:0822/154601.038223:INFO:CONSOLE(1506)] "[object HTMLDivElement]", source:  (1506)
[66610:259:0822/154601.082389:INFO:CONSOLE(1506)] "[object HTMLDivElement]", source:  (1506)
[66610:259:0822/154601.124490:INFO:CONSOLE(1506)] "[object HTMLDivElement]", source:  (1506)
[66610:259:0822/154601.173053:INFO:CONSOLE(1506)] "[object HTMLDivElement]", source:  (1506)
[66610:259:0822/154601.214438:INFO:CONSOLE(1506)] "[object HTMLDivElement]", source:  (1506)
[66610:259:0822/154601.275059:INFO:CONSOLE(1506)] "[object HTMLDivElement]", source:  (1506)
[66610:259:0822/154601.317285:INFO:CONSOLE(1506)] "[object HTMLDivElement]", source:  (1506)
[66610:259:0822/154601.374766:INFO:CONSOLE(1506)] "[object HTMLDivElement]", source:  (1506)
[66610:259:0822/154601.417177:INFO:CONSOLE(1506)] "[object HTMLDivElement]", source:  (1506)
[66610:259:0822/154601.464261:INFO:CONSOLE(1506)] "[object HTMLDivElement]", source:  (1506)
[66610:259:0822/154601.510766:INFO:CONSOLE(1506)] "[object HTMLDivElement]", source:  (1506)
[66610:259:0822/154601.552650:INFO:CONSOLE(1506)] "[object HTMLDivElement]", source:  (1506)
[66610:259:0822/154605.492210:INFO:CONSOLE(0)] "An iframe which has both allow-scripts and allow-same-origin for its sandbox attribute can escape its sandboxing.", source: https://arpediocom.sfdctest.my.salesforce.com/s.gif (0)
[66610:259:0822/154606.186990:INFO:CONSOLE(1)] "Error", source: https://spider.australiarevival.com/i/5d421499287bb62bd452311781db1729.js (1)
[66610:259:0822/154606.361844:INFO:CONSOLE(1)] "Failed to retrive resource /wbin/www-core/f/g", source: https://www.salesforce.com/etc.bundles/sfdc-www/bundles/webpack-script-manifest-commonlyUsed-js.bundle.80571d2e1b6eb986d653.js (1)
[66610:259:0822/154607.719115:WARNING:pref_notifier_impl.cc(41)] Pref observer for media_router.cast_allow_all_ips found at shutdown.
