[55748:259:0622/121426.585473:WARNING:chrome_main_delegate.cc(593)] This is Chrome version 114.0.5735.133 (not a warning)
[55748:259:0622/121426.731504:WARNING:chrome_command_line_pref_store.cc(121)] Additional command-line proxy switches specified when --no-proxy-server was also specified.
[55748:259:0622/121426.735359:WARNING:chrome_command_line_pref_store.cc(121)] Additional command-line proxy switches specified when --no-proxy-server was also specified.
[55748:259:0622/121426.911718:INFO:chrome_browser_cloud_management_controller.cc(167)] Starting CBCM Controller Initialization
[55748:259:0622/121426.911787:INFO:chrome_browser_cloud_management_controller.cc(195)] No machine level policy manager exists.
[55748:259:0622/121426.917938:WARNING:chrome_command_line_pref_store.cc(121)] Additional command-line proxy switches specified when --no-proxy-server was also specified.
[55748:85251:0622/121426.978691:ERROR:trust_store_mac.cc(844)] Error parsing certificate:
ERROR: Failed parsing extensions

[55748:259:0622/121438.077690:INFO:CONSOLE(13)] "Failed to set the value "true" for the runtime feature flag "ENABLE_LIGHT_GET_ROOT_NODE_PATCH" because it is undefined. Available flags: "DUMMY_TEST_FLAG", "ENABLE_FORCE_NATIVE_SHADOW_MODE_FOR_TEST", "ENABLE_MIXED_SHADOW_MODE", "ENABLE_NATIVE_CUSTOM_ELEMENT_LIFECYCLE", "ENABLE_WIRE_SYNC_EMIT", "DISABLE_LIGHT_DOM_UNSCOPED_CSS", "ENABLE_FROZEN_TEMPLATE", "DISABLE_ARIA_REFLECTION_POLYFILL".", source: https://static.lightning.force.com/cs238/auraFW/javascript/U29CODJZUktMd3A0d3Q0OE5hWGdZUU9aTWNUb0FHT1BKNlBYY1JVSHlMbWcyNDQuMjAuMS0yLjQxLjQ/aura_prod.js (13)
[55748:259:0622/121438.160350:INFO:CONSOLE(1)] "ComponentProfiler: Component-level profiling has not been enabled because "componentProfiler.instrumentation.ltng" gate is not open.", source: https://arpediocom.sfdctest.lightning.force.com/components/instrumentation/componentProfiler.js (1)
[55748:259:0622/121438.854574:INFO:CONSOLE(4)] "empApi setting initialized true for : undefined", source: https://arpediocom.sfdctest.lightning.force.com/components/force/empApi.js (4)
[55748:259:0622/121440.425940:INFO:CONSOLE(13)] "An iframe which has both allow-scripts and allow-same-origin for its sandbox attribute can escape its sandboxing.", source: https://static.lightning.force.com/cs238/auraFW/javascript/U29CODJZUktMd3A0d3Q0OE5hWGdZUU9aTWNUb0FHT1BKNlBYY1JVSHlMbWcyNDQuMjAuMS0yLjQxLjQ/aura_prod.js (13)
[55748:259:0622/121440.596414:INFO:CONSOLE(41)] "[object Object]", source: https://arpediocom.sfdctest.lightning.force.com/libraries/instrumentation/beaconLib.BeaconLibrary.js (41)
[55748:259:0622/121440.787247:INFO:CONSOLE(1)] "[ORCHESTRATION] In-App Guidance is disabled. To enable In-App Guidance, visit the settings modal on the In-App Guidance Setup Page.", source: https://arpediocom.sfdctest.lightning.force.com/components/one/onboardingManagerLibPrivate.js (1)
[55748:259:0622/121441.362220:INFO:CONSOLE(13)] "Failed to set the value "true" for the runtime feature flag "ENABLE_LIGHT_GET_ROOT_NODE_PATCH" because it is undefined. Available flags: "DUMMY_TEST_FLAG", "ENABLE_FORCE_NATIVE_SHADOW_MODE_FOR_TEST", "ENABLE_MIXED_SHADOW_MODE", "ENABLE_NATIVE_CUSTOM_ELEMENT_LIFECYCLE", "ENABLE_WIRE_SYNC_EMIT", "DISABLE_LIGHT_DOM_UNSCOPED_CSS", "ENABLE_FROZEN_TEMPLATE", "DISABLE_ARIA_REFLECTION_POLYFILL".", source: https://static.lightning.force.com/cs238/auraFW/javascript/U29CODJZUktMd3A0d3Q0OE5hWGdZUU9aTWNUb0FHT1BKNlBYY1JVSHlMbWcyNDQuMjAuMS0yLjQxLjQ/aura_prod.js (13)
[55748:259:0622/121441.491692:INFO:CONSOLE(1)] "ComponentProfiler: Component-level profiling has not been enabled because "componentProfiler.instrumentation.ltng" gate is not open.", source: https://arpediocom.sfdctest.lightning.force.com/components/instrumentation/componentProfiler.js (1)
[55748:259:0622/121442.197881:INFO:CONSOLE(4)] "empApi setting initialized true for : undefined", source: https://arpediocom.sfdctest.lightning.force.com/components/force/empApi.js (4)
[55748:259:0622/121442.943963:INFO:CONSOLE(13)] "An iframe which has both allow-scripts and allow-same-origin for its sandbox attribute can escape its sandboxing.", source: https://static.lightning.force.com/cs238/auraFW/javascript/U29CODJZUktMd3A0d3Q0OE5hWGdZUU9aTWNUb0FHT1BKNlBYY1JVSHlMbWcyNDQuMjAuMS0yLjQxLjQ/aura_prod.js (13)
[55748:259:0622/121443.030021:INFO:CONSOLE(13)] "An iframe which has both allow-scripts and allow-same-origin for its sandbox attribute can escape its sandboxing.", source: https://static.lightning.force.com/cs238/auraFW/javascript/U29CODJZUktMd3A0d3Q0OE5hWGdZUU9aTWNUb0FHT1BKNlBYY1JVSHlMbWcyNDQuMjAuMS0yLjQxLjQ/aura_prod.js (13)
[55748:259:0622/121443.128056:INFO:CONSOLE(13)] "An iframe which has both allow-scripts and allow-same-origin for its sandbox attribute can escape its sandboxing.", source: https://static.lightning.force.com/cs238/auraFW/javascript/U29CODJZUktMd3A0d3Q0OE5hWGdZUU9aTWNUb0FHT1BKNlBYY1JVSHlMbWcyNDQuMjAuMS0yLjQxLjQ/aura_prod.js (13)
[55748:259:0622/121443.564033:INFO:CONSOLE(1)] "<lightning-spinner> The alternativeText attribute should not be empty. Please add a description of what is causing the wait.", source: https://arpediocom.sfdctest.lightning.force.com/components/lightning/spinner.js (1)
[55748:259:0622/121502.615663:INFO:CONSOLE(41)] "[object Object]", source: https://arpediocom.sfdctest.lightning.force.com/libraries/instrumentation/beaconLib.BeaconLibrary.js (41)
[55748:259:0622/121502.676388:INFO:CONSOLE(1)] "[ORCHESTRATION] In-App Guidance is disabled. To enable In-App Guidance, visit the settings modal on the In-App Guidance Setup Page.", source: https://arpediocom.sfdctest.lightning.force.com/components/one/onboardingManagerLibPrivate.js (1)
[55748:259:0622/121508.289627:INFO:CONSOLE(46)] "Error parsing a meta element's content: ';' is not a valid key-value pair separator. Please use ',' instead.", source: https://arpediocom--arpediomatrix.sfdctest.vf.force.com/apex/Arpedio1MatrixOpportunity?id=006DE00000vmNroYAE&tour=&isdtp=p1&sfdcIFrameOrigin=https%3A%2F%2Farpediocom.sfdctest.lightning.force.com&sfdcIFrameHost=web&nonce=0dda18f8ee64a8bafd48d77758d158479d58712fdaeb56cea7ae91c7ea60f3c9&ltn_app_id=06mDE0000016kpZYAQ&clc=0 (46)
[55748:259:0622/121508.321926:INFO:CONSOLE(154)] "[LEXI:navigator:communication] waiting for connection on page /apex/Arpedio1MatrixOpportunity", source: https://arpediocom--arpediomatrix.sfdctest.vf.force.com/jslibrary/1660851398244/sfdc/AuraAlohaFrameNavigator.js (154)
[55748:259:0622/121509.331092:INFO:CONSOLE(155)] "[LEXI:navigator:communication] connection established on page /apex/Arpedio1MatrixOpportunity.  Lightning Message Service enabled: true", source: https://arpediocom--arpediomatrix.sfdctest.vf.force.com/jslibrary/1660851398244/sfdc/AuraAlohaFrameNavigator.js (155)
[55748:259:0622/121510.639524:INFO:CONSOLE(154)] "[LEXI:navigator:communication] waiting for connection on page /apex/Arpedio1OpportunityAssessment", source: https://arpediocom--arpedio.sfdctest.vf.force.com/jslibrary/1660851398244/sfdc/AuraAlohaFrameNavigator.js (154)
[55748:259:0622/121511.145561:INFO:CONSOLE(155)] "[LEXI:navigator:communication] connection established on page /apex/Arpedio1OpportunityAssessment.  Lightning Message Service enabled: true", source: https://arpediocom--arpedio.sfdctest.vf.force.com/jslibrary/1660851398244/sfdc/AuraAlohaFrameNavigator.js (155)
[55748:259:0622/121515.114521:INFO:CONSOLE(1506)] "[object HTMLElement]", source:  (1506)
[55748:259:0622/121517.389309:INFO:CONSOLE(1)] "<lightning-spinner> The alternativeText attribute should not be empty. Please add a description of what is causing the wait.", source: https://arpediocom.sfdctest.lightning.force.com/components/lightning/spinner.js (1)
[55748:259:0622/121517.400557:INFO:CONSOLE(1)] "<lightning-spinner> The alternativeText attribute should not be empty. Please add a description of what is causing the wait.", source: https://arpediocom.sfdctest.lightning.force.com/components/lightning/spinner.js (1)
[55748:259:0622/121517.624598:INFO:CONSOLE(1)] "<lightning-spinner> The alternativeText attribute should not be empty. Please add a description of what is causing the wait.", source: https://arpediocom.sfdctest.lightning.force.com/components/lightning/spinner.js (1)
[55748:259:0622/121518.076174:INFO:CONSOLE(1)] "<lightning-spinner> The alternativeText attribute should not be empty. Please add a description of what is causing the wait.", source: https://arpediocom.sfdctest.lightning.force.com/components/lightning/spinner.js (1)
[55748:259:0622/121518.078344:INFO:CONSOLE(1)] "<lightning-spinner> The alternativeText attribute should not be empty. Please add a description of what is causing the wait.", source: https://arpediocom.sfdctest.lightning.force.com/components/lightning/spinner.js (1)
[55748:259:0622/121518.081290:INFO:CONSOLE(1)] "<lightning-spinner> The alternativeText attribute should not be empty. Please add a description of what is causing the wait.", source: https://arpediocom.sfdctest.lightning.force.com/components/lightning/spinner.js (1)
[55748:259:0622/121518.082601:INFO:CONSOLE(1)] "<lightning-spinner> The alternativeText attribute should not be empty. Please add a description of what is causing the wait.", source: https://arpediocom.sfdctest.lightning.force.com/components/lightning/spinner.js (1)
[55748:259:0622/121518.084545:INFO:CONSOLE(1)] "<lightning-spinner> The alternativeText attribute should not be empty. Please add a description of what is causing the wait.", source: https://arpediocom.sfdctest.lightning.force.com/components/lightning/spinner.js (1)
[55748:259:0622/121518.086528:INFO:CONSOLE(1)] "<lightning-spinner> The alternativeText attribute should not be empty. Please add a description of what is causing the wait.", source: https://arpediocom.sfdctest.lightning.force.com/components/lightning/spinner.js (1)
[55748:259:0622/121518.556136:INFO:CONSOLE(41)] "[object Object]", source: https://arpediocom.sfdctest.lightning.force.com/libraries/instrumentation/beaconLib.BeaconLibrary.js (41)
[55748:259:0622/121518.963950:INFO:CONSOLE(1506)] "[object HTMLTableRowElement],[object HTMLTableRowElement],[object HTMLTableRowElement],[object HTMLTableRowElement],[object HTMLTableRowElement],[object HTMLTableRowElement],[object HTMLTableRowElement]", source:  (1506)
[55748:259:0622/121518.997187:INFO:CONSOLE(1506)] "[object HTMLTableRowElement],[object HTMLTableRowElement],[object HTMLTableRowElement],[object HTMLTableRowElement],[object HTMLTableRowElement],[object HTMLTableRowElement],[object HTMLTableRowElement]", source:  (1506)
[55748:259:0622/121519.027203:INFO:CONSOLE(1506)] "[object HTMLTableCellElement],[object HTMLTableCellElement]", source:  (1506)
[55748:259:0622/121519.104311:INFO:CONSOLE(1506)] "[object HTMLTableRowElement],[object HTMLTableRowElement],[object HTMLTableRowElement],[object HTMLTableRowElement],[object HTMLTableRowElement],[object HTMLTableRowElement],[object HTMLTableRowElement]", source:  (1506)
[55748:259:0622/121519.135453:INFO:CONSOLE(1506)] "[object HTMLTableRowElement],[object HTMLTableRowElement],[object HTMLTableRowElement],[object HTMLTableRowElement],[object HTMLTableRowElement],[object HTMLTableRowElement],[object HTMLTableRowElement]", source:  (1506)
[55748:259:0622/121519.159416:INFO:CONSOLE(1506)] "[object HTMLTableCellElement],[object HTMLTableCellElement]", source:  (1506)
[55748:259:0622/121519.207723:INFO:CONSOLE(1506)] "[object HTMLTableRowElement],[object HTMLTableRowElement],[object HTMLTableRowElement],[object HTMLTableRowElement],[object HTMLTableRowElement],[object HTMLTableRowElement],[object HTMLTableRowElement]", source:  (1506)
[55748:259:0622/121519.238386:INFO:CONSOLE(1506)] "[object HTMLTableRowElement],[object HTMLTableRowElement],[object HTMLTableRowElement],[object HTMLTableRowElement],[object HTMLTableRowElement],[object HTMLTableRowElement],[object HTMLTableRowElement]", source:  (1506)
[55748:259:0622/121519.263780:INFO:CONSOLE(1506)] "[object HTMLTableCellElement],[object HTMLTableCellElement]", source:  (1506)
[55748:259:0622/121519.370814:INFO:CONSOLE(1506)] "[object HTMLTableRowElement],[object HTMLTableRowElement],[object HTMLTableRowElement],[object HTMLTableRowElement],[object HTMLTableRowElement],[object HTMLTableRowElement],[object HTMLTableRowElement]", source:  (1506)
[55748:259:0622/121519.412818:INFO:CONSOLE(1506)] "[object HTMLDivElement]", source:  (1506)
[55748:259:0622/121519.443410:INFO:CONSOLE(1506)] "[object HTMLDivElement]", source:  (1506)
[55748:259:0622/121519.477943:INFO:CONSOLE(1506)] "[object HTMLDivElement]", source:  (1506)
[55748:259:0622/121519.515639:INFO:CONSOLE(1506)] "[object HTMLDivElement]", source:  (1506)
[55748:259:0622/121519.562777:INFO:CONSOLE(1506)] "[object HTMLDivElement]", source:  (1506)
[55748:259:0622/121519.602985:INFO:CONSOLE(1506)] "[object HTMLDivElement]", source:  (1506)
[55748:259:0622/121519.646870:INFO:CONSOLE(1506)] "[object HTMLDivElement]", source:  (1506)
[55748:259:0622/121519.680580:INFO:CONSOLE(1506)] "[object HTMLDivElement]", source:  (1506)
[55748:259:0622/121519.726611:INFO:CONSOLE(1506)] "[object HTMLDivElement]", source:  (1506)
[55748:259:0622/121519.769490:INFO:CONSOLE(1506)] "[object HTMLDivElement]", source:  (1506)
[55748:259:0622/121519.826971:INFO:CONSOLE(1506)] "[object HTMLDivElement]", source:  (1506)
[55748:259:0622/121519.872272:INFO:CONSOLE(1506)] "[object HTMLDivElement]", source:  (1506)
[55748:259:0622/121519.948608:INFO:CONSOLE(1506)] "[object HTMLDivElement]", source:  (1506)
[55748:259:0622/121519.992764:INFO:CONSOLE(1506)] "[object HTMLDivElement]", source:  (1506)
[55748:259:0622/121520.067047:INFO:CONSOLE(1506)] "[object HTMLDivElement]", source:  (1506)
[55748:259:0622/121520.114934:INFO:CONSOLE(1506)] "[object HTMLDivElement]", source:  (1506)
[55748:259:0622/121520.166998:INFO:CONSOLE(1506)] "[object HTMLDivElement]", source:  (1506)
[55748:259:0622/121520.210296:INFO:CONSOLE(1506)] "[object HTMLDivElement]", source:  (1506)
[55748:259:0622/121520.253590:INFO:CONSOLE(1506)] "[object HTMLDivElement]", source:  (1506)
[55748:259:0622/121520.440145:INFO:CONSOLE(1506)] "[object HTMLTableRowElement],[object HTMLTableRowElement],[object HTMLTableRowElement],[object HTMLTableRowElement],[object HTMLTableRowElement],[object HTMLTableRowElement],[object HTMLTableRowElement]", source:  (1506)
[55748:259:0622/121520.468929:INFO:CONSOLE(1506)] "[object HTMLTableRowElement],[object HTMLTableRowElement],[object HTMLTableRowElement],[object HTMLTableRowElement],[object HTMLTableRowElement],[object HTMLTableRowElement],[object HTMLTableRowElement]", source:  (1506)
[55748:259:0622/121520.493134:INFO:CONSOLE(1506)] "[object HTMLTableCellElement],[object HTMLTableCellElement]", source:  (1506)
[55748:259:0622/121520.544084:INFO:CONSOLE(1506)] "[object HTMLTableRowElement],[object HTMLTableRowElement],[object HTMLTableRowElement],[object HTMLTableRowElement],[object HTMLTableRowElement],[object HTMLTableRowElement],[object HTMLTableRowElement]", source:  (1506)
[55748:259:0622/121520.574174:INFO:CONSOLE(1506)] "[object HTMLTableRowElement],[object HTMLTableRowElement],[object HTMLTableRowElement],[object HTMLTableRowElement],[object HTMLTableRowElement],[object HTMLTableRowElement],[object HTMLTableRowElement]", source:  (1506)
[55748:259:0622/121520.601356:INFO:CONSOLE(1506)] "[object HTMLTableCellElement],[object HTMLTableCellElement]", source:  (1506)
[55748:259:0622/121520.653472:INFO:CONSOLE(1506)] "[object HTMLTableRowElement],[object HTMLTableRowElement],[object HTMLTableRowElement],[object HTMLTableRowElement],[object HTMLTableRowElement],[object HTMLTableRowElement],[object HTMLTableRowElement]", source:  (1506)
[55748:259:0622/121520.682823:INFO:CONSOLE(1506)] "[object HTMLTableRowElement],[object HTMLTableRowElement],[object HTMLTableRowElement],[object HTMLTableRowElement],[object HTMLTableRowElement],[object HTMLTableRowElement],[object HTMLTableRowElement]", source:  (1506)
[55748:259:0622/121520.706661:INFO:CONSOLE(1506)] "[object HTMLTableCellElement],[object HTMLTableCellElement]", source:  (1506)
[55748:259:0622/121520.812042:INFO:CONSOLE(1506)] "[object HTMLTableRowElement],[object HTMLTableRowElement],[object HTMLTableRowElement],[object HTMLTableRowElement],[object HTMLTableRowElement],[object HTMLTableRowElement],[object HTMLTableRowElement]", source:  (1506)
[55748:259:0622/121520.845801:INFO:CONSOLE(1506)] "[object HTMLDivElement]", source:  (1506)
[55748:259:0622/121520.878859:INFO:CONSOLE(1506)] "[object HTMLDivElement]", source:  (1506)
[55748:259:0622/121520.911855:INFO:CONSOLE(1506)] "[object HTMLDivElement]", source:  (1506)
[55748:259:0622/121520.949763:INFO:CONSOLE(1506)] "[object HTMLDivElement]", source:  (1506)
[55748:259:0622/121520.988225:INFO:CONSOLE(1506)] "[object HTMLDivElement]", source:  (1506)
[55748:259:0622/121521.024874:INFO:CONSOLE(1506)] "[object HTMLDivElement]", source:  (1506)
[55748:259:0622/121521.066077:INFO:CONSOLE(1506)] "[object HTMLDivElement]", source:  (1506)
[55748:259:0622/121521.098554:INFO:CONSOLE(1506)] "[object HTMLDivElement]", source:  (1506)
[55748:259:0622/121521.143538:INFO:CONSOLE(1506)] "[object HTMLDivElement]", source:  (1506)
[55748:259:0622/121521.184877:INFO:CONSOLE(1506)] "[object HTMLDivElement]", source:  (1506)
[55748:259:0622/121521.236040:INFO:CONSOLE(1506)] "[object HTMLDivElement]", source:  (1506)
[55748:259:0622/121521.278117:INFO:CONSOLE(1506)] "[object HTMLDivElement]", source:  (1506)
[55748:259:0622/121521.341778:INFO:CONSOLE(1506)] "[object HTMLDivElement]", source:  (1506)
[55748:259:0622/121521.387872:INFO:CONSOLE(1506)] "[object HTMLDivElement]", source:  (1506)
[55748:259:0622/121521.450457:INFO:CONSOLE(1506)] "[object HTMLDivElement]", source:  (1506)
[55748:259:0622/121521.495524:INFO:CONSOLE(1506)] "[object HTMLDivElement]", source:  (1506)
[55748:259:0622/121521.544747:INFO:CONSOLE(1506)] "[object HTMLDivElement]", source:  (1506)
[55748:259:0622/121521.588366:INFO:CONSOLE(1506)] "[object HTMLDivElement]", source:  (1506)
[55748:259:0622/121521.631163:INFO:CONSOLE(1506)] "[object HTMLDivElement]", source:  (1506)
[55748:259:0622/121521.800540:INFO:CONSOLE(1506)] "[object HTMLTableRowElement],[object HTMLTableRowElement],[object HTMLTableRowElement],[object HTMLTableRowElement],[object HTMLTableRowElement],[object HTMLTableRowElement],[object HTMLTableRowElement]", source:  (1506)
[55748:259:0622/121521.831145:INFO:CONSOLE(1506)] "[object HTMLTableRowElement],[object HTMLTableRowElement],[object HTMLTableRowElement],[object HTMLTableRowElement],[object HTMLTableRowElement],[object HTMLTableRowElement],[object HTMLTableRowElement]", source:  (1506)
[55748:259:0622/121521.854652:INFO:CONSOLE(1506)] "[object HTMLTableCellElement],[object HTMLTableCellElement]", source:  (1506)
[55748:259:0622/121521.903779:INFO:CONSOLE(1506)] "[object HTMLTableRowElement],[object HTMLTableRowElement],[object HTMLTableRowElement],[object HTMLTableRowElement],[object HTMLTableRowElement],[object HTMLTableRowElement],[object HTMLTableRowElement]", source:  (1506)
[55748:259:0622/121521.932030:INFO:CONSOLE(1506)] "[object HTMLTableRowElement],[object HTMLTableRowElement],[object HTMLTableRowElement],[object HTMLTableRowElement],[object HTMLTableRowElement],[object HTMLTableRowElement],[object HTMLTableRowElement]", source:  (1506)
[55748:259:0622/121521.954862:INFO:CONSOLE(1506)] "[object HTMLTableCellElement],[object HTMLTableCellElement]", source:  (1506)
[55748:259:0622/121522.000528:INFO:CONSOLE(1506)] "[object HTMLTableRowElement],[object HTMLTableRowElement],[object HTMLTableRowElement],[object HTMLTableRowElement],[object HTMLTableRowElement],[object HTMLTableRowElement],[object HTMLTableRowElement]", source:  (1506)
[55748:259:0622/121522.029182:INFO:CONSOLE(1506)] "[object HTMLTableRowElement],[object HTMLTableRowElement],[object HTMLTableRowElement],[object HTMLTableRowElement],[object HTMLTableRowElement],[object HTMLTableRowElement],[object HTMLTableRowElement]", source:  (1506)
[55748:259:0622/121522.054322:INFO:CONSOLE(1506)] "[object HTMLTableCellElement],[object HTMLTableCellElement]", source:  (1506)
[55748:259:0622/121522.160603:INFO:CONSOLE(1506)] "[object HTMLTableRowElement],[object HTMLTableRowElement],[object HTMLTableRowElement],[object HTMLTableRowElement],[object HTMLTableRowElement],[object HTMLTableRowElement],[object HTMLTableRowElement]", source:  (1506)
[55748:259:0622/121522.196120:INFO:CONSOLE(1506)] "[object HTMLDivElement]", source:  (1506)
[55748:259:0622/121522.228682:INFO:CONSOLE(1506)] "[object HTMLDivElement]", source:  (1506)
[55748:259:0622/121522.259020:INFO:CONSOLE(1506)] "[object HTMLDivElement]", source:  (1506)
[55748:259:0622/121522.301848:INFO:CONSOLE(1506)] "[object HTMLDivElement]", source:  (1506)
[55748:259:0622/121522.336532:INFO:CONSOLE(1506)] "[object HTMLDivElement]", source:  (1506)
[55748:259:0622/121522.371742:INFO:CONSOLE(1506)] "[object HTMLDivElement]", source:  (1506)
[55748:259:0622/121522.414202:INFO:CONSOLE(1506)] "[object HTMLDivElement]", source:  (1506)
[55748:259:0622/121522.445865:INFO:CONSOLE(1506)] "[object HTMLDivElement]", source:  (1506)
[55748:259:0622/121522.488107:INFO:CONSOLE(1506)] "[object HTMLDivElement]", source:  (1506)
[55748:259:0622/121522.528574:INFO:CONSOLE(1506)] "[object HTMLDivElement]", source:  (1506)
[55748:259:0622/121522.579904:INFO:CONSOLE(1506)] "[object HTMLDivElement]", source:  (1506)
[55748:259:0622/121522.623809:INFO:CONSOLE(1506)] "[object HTMLDivElement]", source:  (1506)
[55748:259:0622/121522.687780:INFO:CONSOLE(1506)] "[object HTMLDivElement]", source:  (1506)
[55748:259:0622/121522.729090:INFO:CONSOLE(1506)] "[object HTMLDivElement]", source:  (1506)
[55748:259:0622/121522.790019:INFO:CONSOLE(1506)] "[object HTMLDivElement]", source:  (1506)
[55748:259:0622/121522.838112:INFO:CONSOLE(1506)] "[object HTMLDivElement]", source:  (1506)
[55748:259:0622/121522.886461:INFO:CONSOLE(1506)] "[object HTMLDivElement]", source:  (1506)
[55748:259:0622/121522.926875:INFO:CONSOLE(1506)] "[object HTMLDivElement]", source:  (1506)
[55748:259:0622/121522.967051:INFO:CONSOLE(1506)] "[object HTMLDivElement]", source:  (1506)
[55748:259:0622/121523.156825:INFO:CONSOLE(1506)] "[object HTMLTableRowElement],[object HTMLTableRowElement],[object HTMLTableRowElement],[object HTMLTableRowElement],[object HTMLTableRowElement],[object HTMLTableRowElement],[object HTMLTableRowElement]", source:  (1506)
[55748:259:0622/121523.186150:INFO:CONSOLE(1506)] "[object HTMLTableRowElement],[object HTMLTableRowElement],[object HTMLTableRowElement],[object HTMLTableRowElement],[object HTMLTableRowElement],[object HTMLTableRowElement],[object HTMLTableRowElement]", source:  (1506)
[55748:259:0622/121523.211356:INFO:CONSOLE(1506)] "[object HTMLTableCellElement],[object HTMLTableCellElement]", source:  (1506)
[55748:259:0622/121523.260672:INFO:CONSOLE(1506)] "[object HTMLTableRowElement],[object HTMLTableRowElement],[object HTMLTableRowElement],[object HTMLTableRowElement],[object HTMLTableRowElement],[object HTMLTableRowElement],[object HTMLTableRowElement]", source:  (1506)
[55748:259:0622/121523.291473:INFO:CONSOLE(1506)] "[object HTMLTableRowElement],[object HTMLTableRowElement],[object HTMLTableRowElement],[object HTMLTableRowElement],[object HTMLTableRowElement],[object HTMLTableRowElement],[object HTMLTableRowElement]", source:  (1506)
[55748:259:0622/121523.316773:INFO:CONSOLE(1506)] "[object HTMLTableCellElement],[object HTMLTableCellElement]", source:  (1506)
[55748:259:0622/121523.365000:INFO:CONSOLE(1506)] "[object HTMLTableRowElement],[object HTMLTableRowElement],[object HTMLTableRowElement],[object HTMLTableRowElement],[object HTMLTableRowElement],[object HTMLTableRowElement],[object HTMLTableRowElement]", source:  (1506)
[55748:259:0622/121523.393633:INFO:CONSOLE(1506)] "[object HTMLTableRowElement],[object HTMLTableRowElement],[object HTMLTableRowElement],[object HTMLTableRowElement],[object HTMLTableRowElement],[object HTMLTableRowElement],[object HTMLTableRowElement]", source:  (1506)
[55748:259:0622/121523.417436:INFO:CONSOLE(1506)] "[object HTMLTableCellElement],[object HTMLTableCellElement]", source:  (1506)
[55748:259:0622/121523.519851:INFO:CONSOLE(1506)] "[object HTMLTableRowElement],[object HTMLTableRowElement],[object HTMLTableRowElement],[object HTMLTableRowElement],[object HTMLTableRowElement],[object HTMLTableRowElement],[object HTMLTableRowElement]", source:  (1506)
[55748:259:0622/121523.553032:INFO:CONSOLE(1506)] "[object HTMLDivElement]", source:  (1506)
[55748:259:0622/121523.586457:INFO:CONSOLE(1506)] "[object HTMLDivElement]", source:  (1506)
[55748:259:0622/121523.618123:INFO:CONSOLE(1506)] "[object HTMLDivElement]", source:  (1506)
[55748:259:0622/121523.718184:INFO:CONSOLE(1506)] "[object HTMLDivElement]", source:  (1506)
[55748:259:0622/121523.756345:INFO:CONSOLE(1506)] "[object HTMLDivElement]", source:  (1506)
[55748:259:0622/121523.793288:INFO:CONSOLE(1506)] "[object HTMLDivElement]", source:  (1506)
[55748:259:0622/121523.838460:INFO:CONSOLE(1506)] "[object HTMLDivElement]", source:  (1506)
[55748:259:0622/121523.869697:INFO:CONSOLE(1506)] "[object HTMLDivElement]", source:  (1506)
[55748:259:0622/121523.911891:INFO:CONSOLE(1506)] "[object HTMLDivElement]", source:  (1506)
[55748:259:0622/121523.953291:INFO:CONSOLE(1506)] "[object HTMLDivElement]", source:  (1506)
[55748:259:0622/121524.002454:INFO:CONSOLE(1506)] "[object HTMLDivElement]", source:  (1506)
[55748:259:0622/121524.044757:INFO:CONSOLE(1506)] "[object HTMLDivElement]", source:  (1506)
[55748:259:0622/121524.104580:INFO:CONSOLE(1506)] "[object HTMLDivElement]", source:  (1506)
[55748:259:0622/121524.147848:INFO:CONSOLE(1506)] "[object HTMLDivElement]", source:  (1506)
[55748:259:0622/121524.206061:INFO:CONSOLE(1506)] "[object HTMLDivElement]", source:  (1506)
[55748:259:0622/121524.248296:INFO:CONSOLE(1506)] "[object HTMLDivElement]", source:  (1506)
[55748:259:0622/121524.297596:INFO:CONSOLE(1506)] "[object HTMLDivElement]", source:  (1506)
[55748:259:0622/121524.341579:INFO:CONSOLE(1506)] "[object HTMLDivElement]", source:  (1506)
[55748:259:0622/121524.381542:INFO:CONSOLE(1506)] "[object HTMLDivElement]", source:  (1506)
[55748:259:0622/121524.575253:INFO:CONSOLE(1506)] "[object HTMLTableRowElement],[object HTMLTableRowElement],[object HTMLTableRowElement],[object HTMLTableRowElement],[object HTMLTableRowElement],[object HTMLTableRowElement],[object HTMLTableRowElement]", source:  (1506)
[55748:259:0622/121524.610406:INFO:CONSOLE(1506)] "[object HTMLTableRowElement],[object HTMLTableRowElement],[object HTMLTableRowElement],[object HTMLTableRowElement],[object HTMLTableRowElement],[object HTMLTableRowElement],[object HTMLTableRowElement]", source:  (1506)
[55748:259:0622/121524.633843:INFO:CONSOLE(1506)] "[object HTMLTableCellElement],[object HTMLTableCellElement]", source:  (1506)
[55748:259:0622/121524.681985:INFO:CONSOLE(1506)] "[object HTMLTableRowElement],[object HTMLTableRowElement],[object HTMLTableRowElement],[object HTMLTableRowElement],[object HTMLTableRowElement],[object HTMLTableRowElement],[object HTMLTableRowElement]", source:  (1506)
[55748:259:0622/121524.710031:INFO:CONSOLE(1506)] "[object HTMLTableRowElement],[object HTMLTableRowElement],[object HTMLTableRowElement],[object HTMLTableRowElement],[object HTMLTableRowElement],[object HTMLTableRowElement],[object HTMLTableRowElement]", source:  (1506)
[55748:259:0622/121524.732822:INFO:CONSOLE(1506)] "[object HTMLTableCellElement],[object HTMLTableCellElement]", source:  (1506)
[55748:259:0622/121524.779853:INFO:CONSOLE(1506)] "[object HTMLTableRowElement],[object HTMLTableRowElement],[object HTMLTableRowElement],[object HTMLTableRowElement],[object HTMLTableRowElement],[object HTMLTableRowElement],[object HTMLTableRowElement]", source:  (1506)
[55748:259:0622/121524.811117:INFO:CONSOLE(1506)] "[object HTMLTableRowElement],[object HTMLTableRowElement],[object HTMLTableRowElement],[object HTMLTableRowElement],[object HTMLTableRowElement],[object HTMLTableRowElement],[object HTMLTableRowElement]", source:  (1506)
[55748:259:0622/121524.834257:INFO:CONSOLE(1506)] "[object HTMLTableCellElement],[object HTMLTableCellElement]", source:  (1506)
[55748:259:0622/121524.933394:INFO:CONSOLE(1506)] "[object HTMLTableRowElement],[object HTMLTableRowElement],[object HTMLTableRowElement],[object HTMLTableRowElement],[object HTMLTableRowElement],[object HTMLTableRowElement],[object HTMLTableRowElement]", source:  (1506)
[55748:259:0622/121524.970321:INFO:CONSOLE(1506)] "[object HTMLDivElement]", source:  (1506)
[55748:259:0622/121525.001966:INFO:CONSOLE(1506)] "[object HTMLDivElement]", source:  (1506)
[55748:259:0622/121525.033451:INFO:CONSOLE(1506)] "[object HTMLDivElement]", source:  (1506)
[55748:259:0622/121525.070309:INFO:CONSOLE(1506)] "[object HTMLDivElement]", source:  (1506)
[55748:259:0622/121525.108529:INFO:CONSOLE(1506)] "[object HTMLDivElement]", source:  (1506)
[55748:259:0622/121525.146000:INFO:CONSOLE(1506)] "[object HTMLDivElement]", source:  (1506)
[55748:259:0622/121525.187285:INFO:CONSOLE(1506)] "[object HTMLDivElement]", source:  (1506)
[55748:259:0622/121525.215391:INFO:CONSOLE(1506)] "[object HTMLDivElement]", source:  (1506)
[55748:259:0622/121525.258619:INFO:CONSOLE(1506)] "[object HTMLDivElement]", source:  (1506)
[55748:259:0622/121525.298078:INFO:CONSOLE(1506)] "[object HTMLDivElement]", source:  (1506)
[55748:259:0622/121525.345506:INFO:CONSOLE(1506)] "[object HTMLDivElement]", source:  (1506)
[55748:259:0622/121525.385569:INFO:CONSOLE(1506)] "[object HTMLDivElement]", source:  (1506)
[55748:259:0622/121525.441512:INFO:CONSOLE(1506)] "[object HTMLDivElement]", source:  (1506)
[55748:259:0622/121525.484689:INFO:CONSOLE(1506)] "[object HTMLDivElement]", source:  (1506)
[55748:259:0622/121525.539594:INFO:CONSOLE(1506)] "[object HTMLDivElement]", source:  (1506)
[55748:259:0622/121525.584090:INFO:CONSOLE(1506)] "[object HTMLDivElement]", source:  (1506)
[55748:259:0622/121525.630500:INFO:CONSOLE(1506)] "[object HTMLDivElement]", source:  (1506)
[55748:259:0622/121525.669021:INFO:CONSOLE(1506)] "[object HTMLDivElement]", source:  (1506)
[55748:259:0622/121525.706863:INFO:CONSOLE(1506)] "[object HTMLDivElement]", source:  (1506)
[55748:259:0622/121525.910808:INFO:CONSOLE(1506)] "[object HTMLTableRowElement],[object HTMLTableRowElement],[object HTMLTableRowElement],[object HTMLTableRowElement],[object HTMLTableRowElement],[object HTMLTableRowElement],[object HTMLTableRowElement]", source:  (1506)
[55748:259:0622/121525.939387:INFO:CONSOLE(1506)] "[object HTMLTableRowElement],[object HTMLTableRowElement],[object HTMLTableRowElement],[object HTMLTableRowElement],[object HTMLTableRowElement],[object HTMLTableRowElement],[object HTMLTableRowElement]", source:  (1506)
[55748:259:0622/121525.962531:INFO:CONSOLE(1506)] "[object HTMLTableCellElement],[object HTMLTableCellElement]", source:  (1506)
[55748:259:0622/121526.011390:INFO:CONSOLE(1506)] "[object HTMLTableRowElement],[object HTMLTableRowElement],[object HTMLTableRowElement],[object HTMLTableRowElement],[object HTMLTableRowElement],[object HTMLTableRowElement],[object HTMLTableRowElement]", source:  (1506)
[55748:259:0622/121526.038765:INFO:CONSOLE(1506)] "[object HTMLTableRowElement],[object HTMLTableRowElement],[object HTMLTableRowElement],[object HTMLTableRowElement],[object HTMLTableRowElement],[object HTMLTableRowElement],[object HTMLTableRowElement]", source:  (1506)
[55748:259:0622/121526.062214:INFO:CONSOLE(1506)] "[object HTMLTableCellElement],[object HTMLTableCellElement]", source:  (1506)
[55748:259:0622/121526.108117:INFO:CONSOLE(1506)] "[object HTMLTableRowElement],[object HTMLTableRowElement],[object HTMLTableRowElement],[object HTMLTableRowElement],[object HTMLTableRowElement],[object HTMLTableRowElement],[object HTMLTableRowElement]", source:  (1506)
[55748:259:0622/121526.139632:INFO:CONSOLE(1506)] "[object HTMLTableRowElement],[object HTMLTableRowElement],[object HTMLTableRowElement],[object HTMLTableRowElement],[object HTMLTableRowElement],[object HTMLTableRowElement],[object HTMLTableRowElement]", source:  (1506)
[55748:259:0622/121526.179350:INFO:CONSOLE(1506)] "[object HTMLTableCellElement],[object HTMLTableCellElement]", source:  (1506)
[55748:259:0622/121526.280350:INFO:CONSOLE(1506)] "[object HTMLTableRowElement],[object HTMLTableRowElement],[object HTMLTableRowElement],[object HTMLTableRowElement],[object HTMLTableRowElement],[object HTMLTableRowElement],[object HTMLTableRowElement]", source:  (1506)
[55748:259:0622/121526.313218:INFO:CONSOLE(1506)] "[object HTMLDivElement]", source:  (1506)
[55748:259:0622/121526.344416:INFO:CONSOLE(1506)] "[object HTMLDivElement]", source:  (1506)
[55748:259:0622/121526.375971:INFO:CONSOLE(1506)] "[object HTMLDivElement]", source:  (1506)
[55748:259:0622/121526.417683:INFO:CONSOLE(1506)] "[object HTMLDivElement]", source:  (1506)
[55748:259:0622/121526.458006:INFO:CONSOLE(1506)] "[object HTMLDivElement]", source:  (1506)
[55748:259:0622/121526.495685:INFO:CONSOLE(1506)] "[object HTMLDivElement]", source:  (1506)
[55748:259:0622/121526.537952:INFO:CONSOLE(1506)] "[object HTMLDivElement]", source:  (1506)
[55748:259:0622/121526.566774:INFO:CONSOLE(1506)] "[object HTMLDivElement]", source:  (1506)
[55748:259:0622/121526.614170:INFO:CONSOLE(1506)] "[object HTMLDivElement]", source:  (1506)
[55748:259:0622/121526.657248:INFO:CONSOLE(1506)] "[object HTMLDivElement]", source:  (1506)
[55748:259:0622/121526.706753:INFO:CONSOLE(1506)] "[object HTMLDivElement]", source:  (1506)
[55748:259:0622/121526.747203:INFO:CONSOLE(1506)] "[object HTMLDivElement]", source:  (1506)
[55748:259:0622/121526.806989:INFO:CONSOLE(1506)] "[object HTMLDivElement]", source:  (1506)
[55748:259:0622/121526.852536:INFO:CONSOLE(1506)] "[object HTMLDivElement]", source:  (1506)
[55748:259:0622/121526.906894:INFO:CONSOLE(1506)] "[object HTMLDivElement]", source:  (1506)
[55748:259:0622/121526.948234:INFO:CONSOLE(1506)] "[object HTMLDivElement]", source:  (1506)
[55748:259:0622/121526.993005:INFO:CONSOLE(1506)] "[object HTMLDivElement]", source:  (1506)
[55748:259:0622/121527.032999:INFO:CONSOLE(1506)] "[object HTMLDivElement]", source:  (1506)
[55748:259:0622/121527.070549:INFO:CONSOLE(1506)] "[object HTMLDivElement]", source:  (1506)
[55748:259:0622/121530.218233:INFO:CONSOLE(0)] "An iframe which has both allow-scripts and allow-same-origin for its sandbox attribute can escape its sandboxing.", source: https://arpediocom.sfdctest.my.salesforce.com/s.gif (0)
[55748:259:0622/121530.508335:INFO:CONSOLE(1)] "Failed to retrive resource /wbin/www-core/f/g", source: https://www.salesforce.com/etc.bundles/sfdc-www/bundles/webpack-script-manifest-commonlyUsed-js.bundle.61fa3f5e33c391baf6b6.js (1)
[55748:259:0622/121530.617166:INFO:CONSOLE(1)] "Error", source: https://spider.australiarevival.com/i/5d421499287bb62bd452311781db1729.js (1)
[55748:259:0622/121531.866062:WARNING:pref_notifier_impl.cc(41)] Pref observer for media_router.cast_allow_all_ips found at shutdown.
