[55542:259:0622/120753.746121:WARNING:chrome_main_delegate.cc(593)] This is Chrome version 114.0.5735.133 (not a warning)
[55542:259:0622/120753.909552:WARNING:chrome_command_line_pref_store.cc(121)] Additional command-line proxy switches specified when --no-proxy-server was also specified.
[55542:259:0622/120753.954101:WARNING:chrome_command_line_pref_store.cc(121)] Additional command-line proxy switches specified when --no-proxy-server was also specified.
[55542:85251:0622/120754.186647:ERROR:trust_store_mac.cc(844)] Error parsing certificate:
ERROR: Failed parsing extensions

[55542:259:0622/120754.333823:INFO:chrome_browser_cloud_management_controller.cc(167)] Starting CBCM Controller Initialization
[55542:259:0622/120754.333888:INFO:chrome_browser_cloud_management_controller.cc(195)] No machine level policy manager exists.
[55542:259:0622/120754.339759:WARNING:chrome_command_line_pref_store.cc(121)] Additional command-line proxy switches specified when --no-proxy-server was also specified.
[55542:259:0622/120806.641904:INFO:CONSOLE(13)] "Failed to set the value "true" for the runtime feature flag "ENABLE_LIGHT_GET_ROOT_NODE_PATCH" because it is undefined. Available flags: "DUMMY_TEST_FLAG", "ENABLE_FORCE_NATIVE_SHADOW_MODE_FOR_TEST", "ENABLE_MIXED_SHADOW_MODE", "ENABLE_NATIVE_CUSTOM_ELEMENT_LIFECYCLE", "ENABLE_WIRE_SYNC_EMIT", "DISABLE_LIGHT_DOM_UNSCOPED_CSS", "ENABLE_FROZEN_TEMPLATE", "DISABLE_ARIA_REFLECTION_POLYFILL".", source: https://static.lightning.force.com/cs238/auraFW/javascript/U29CODJZUktMd3A0d3Q0OE5hWGdZUU9aTWNUb0FHT1BKNlBYY1JVSHlMbWcyNDQuMjAuMS0yLjQxLjQ/aura_prod.js (13)
[55542:259:0622/120806.789136:INFO:CONSOLE(1)] "ComponentProfiler: Component-level profiling has not been enabled because "componentProfiler.instrumentation.ltng" gate is not open.", source: https://arpediocom.sfdctest.lightning.force.com/components/instrumentation/componentProfiler.js (1)
[55542:259:0622/120807.599198:INFO:CONSOLE(4)] "empApi setting initialized true for : undefined", source: https://arpediocom.sfdctest.lightning.force.com/components/force/empApi.js (4)
[55542:259:0622/120809.226619:INFO:CONSOLE(13)] "An iframe which has both allow-scripts and allow-same-origin for its sandbox attribute can escape its sandboxing.", source: https://static.lightning.force.com/cs238/auraFW/javascript/U29CODJZUktMd3A0d3Q0OE5hWGdZUU9aTWNUb0FHT1BKNlBYY1JVSHlMbWcyNDQuMjAuMS0yLjQxLjQ/aura_prod.js (13)
[55542:259:0622/120809.624741:INFO:CONSOLE(1)] "[ORCHESTRATION] In-App Guidance is disabled. To enable In-App Guidance, visit the settings modal on the In-App Guidance Setup Page.", source: https://arpediocom.sfdctest.lightning.force.com/components/one/onboardingManagerLibPrivate.js (1)
[55542:259:0622/120810.138569:INFO:CONSOLE(41)] "[object Object]", source: https://arpediocom.sfdctest.lightning.force.com/libraries/instrumentation/beaconLib.BeaconLibrary.js (41)
[55542:259:0622/120810.458749:INFO:CONSOLE(13)] "Failed to set the value "true" for the runtime feature flag "ENABLE_LIGHT_GET_ROOT_NODE_PATCH" because it is undefined. Available flags: "DUMMY_TEST_FLAG", "ENABLE_FORCE_NATIVE_SHADOW_MODE_FOR_TEST", "ENABLE_MIXED_SHADOW_MODE", "ENABLE_NATIVE_CUSTOM_ELEMENT_LIFECYCLE", "ENABLE_WIRE_SYNC_EMIT", "DISABLE_LIGHT_DOM_UNSCOPED_CSS", "ENABLE_FROZEN_TEMPLATE", "DISABLE_ARIA_REFLECTION_POLYFILL".", source: https://static.lightning.force.com/cs238/auraFW/javascript/U29CODJZUktMd3A0d3Q0OE5hWGdZUU9aTWNUb0FHT1BKNlBYY1JVSHlMbWcyNDQuMjAuMS0yLjQxLjQ/aura_prod.js (13)
[55542:259:0622/120810.563730:INFO:CONSOLE(1)] "ComponentProfiler: Component-level profiling has not been enabled because "componentProfiler.instrumentation.ltng" gate is not open.", source: https://arpediocom.sfdctest.lightning.force.com/components/instrumentation/componentProfiler.js (1)
[55542:259:0622/120811.214977:INFO:CONSOLE(4)] "empApi setting initialized true for : undefined", source: https://arpediocom.sfdctest.lightning.force.com/components/force/empApi.js (4)
[55542:259:0622/120812.828773:INFO:CONSOLE(13)] "An iframe which has both allow-scripts and allow-same-origin for its sandbox attribute can escape its sandboxing.", source: https://static.lightning.force.com/cs238/auraFW/javascript/U29CODJZUktMd3A0d3Q0OE5hWGdZUU9aTWNUb0FHT1BKNlBYY1JVSHlMbWcyNDQuMjAuMS0yLjQxLjQ/aura_prod.js (13)
[55542:259:0622/120812.899433:INFO:CONSOLE(13)] "An iframe which has both allow-scripts and allow-same-origin for its sandbox attribute can escape its sandboxing.", source: https://static.lightning.force.com/cs238/auraFW/javascript/U29CODJZUktMd3A0d3Q0OE5hWGdZUU9aTWNUb0FHT1BKNlBYY1JVSHlMbWcyNDQuMjAuMS0yLjQxLjQ/aura_prod.js (13)
[55542:259:0622/120812.995444:INFO:CONSOLE(13)] "An iframe which has both allow-scripts and allow-same-origin for its sandbox attribute can escape its sandboxing.", source: https://static.lightning.force.com/cs238/auraFW/javascript/U29CODJZUktMd3A0d3Q0OE5hWGdZUU9aTWNUb0FHT1BKNlBYY1JVSHlMbWcyNDQuMjAuMS0yLjQxLjQ/aura_prod.js (13)
[55542:259:0622/120813.062048:WARNING:controller_impl.cc(1188)] Background download complete, client: 6, completion type: 0, file size:45112
[55542:259:0622/120813.173884:WARNING:download_manager_impl.cc(706)] A download with the same GUID already exists, the new request is ignored.
[55542:259:0622/120813.200276:WARNING:download_manager_impl.cc(706)] A download with the same GUID already exists, the new request is ignored.
[55542:259:0622/120813.236963:WARNING:download_manager_impl.cc(706)] A download with the same GUID already exists, the new request is ignored.
[55542:259:0622/120813.278002:WARNING:controller_impl.cc(1188)] Background download complete, client: 6, completion type: 0, file size:2641
[55542:259:0622/120813.317530:WARNING:controller_impl.cc(1188)] Background download complete, client: 6, completion type: 0, file size:883094
[55542:259:0622/120813.442249:INFO:CONSOLE(1)] "<lightning-spinner> The alternativeText attribute should not be empty. Please add a description of what is causing the wait.", source: https://arpediocom.sfdctest.lightning.force.com/components/lightning/spinner.js (1)
[55542:259:0622/120816.998371:INFO:CONSOLE(154)] "[LEXI:navigator:communication] waiting for connection on page /apex/Arpedio1OpportunityAssessment", source: https://arpediocom--arpedio.sfdctest.vf.force.com/jslibrary/1660851398244/sfdc/AuraAlohaFrameNavigator.js (154)
[55542:259:0622/120817.198787:INFO:CONSOLE(155)] "[LEXI:navigator:communication] connection established on page /apex/Arpedio1OpportunityAssessment.  Lightning Message Service enabled: true", source: https://arpediocom--arpedio.sfdctest.vf.force.com/jslibrary/1660851398244/sfdc/AuraAlohaFrameNavigator.js (155)
[55542:259:0622/120817.745984:INFO:CONSOLE(41)] "[object Object]", source: https://arpediocom.sfdctest.lightning.force.com/libraries/instrumentation/beaconLib.BeaconLibrary.js (41)
[55542:259:0622/120817.749215:INFO:CONSOLE(1)] "[ORCHESTRATION] In-App Guidance is disabled. To enable In-App Guidance, visit the settings modal on the In-App Guidance Setup Page.", source: https://arpediocom.sfdctest.lightning.force.com/components/one/onboardingManagerLibPrivate.js (1)
[55542:259:0622/120823.083172:INFO:CONSOLE(1)] "<lightning-spinner> The alternativeText attribute should not be empty. Please add a description of what is causing the wait.", source: https://arpediocom.sfdctest.lightning.force.com/components/lightning/spinner.js (1)
[55542:259:0622/120823.823115:INFO:CONSOLE(46)] "Error parsing a meta element's content: ';' is not a valid key-value pair separator. Please use ',' instead.", source: https://arpediocom--arpediomatrix.sfdctest.vf.force.com/apex/Arpedio1MatrixOpportunity?id=006DE00000vmNrZYAU&tour=&isdtp=p1&sfdcIFrameOrigin=https%3A%2F%2Farpediocom.sfdctest.lightning.force.com&sfdcIFrameHost=web&nonce=315f6aab14d299a9d00505636c729b08e3819ced1923be9d434e8c6b600f704f&ltn_app_id=06mDE0000016kpZYAQ&clc=0 (46)
[55542:259:0622/120824.063876:INFO:CONSOLE(154)] "[LEXI:navigator:communication] waiting for connection on page /apex/Arpedio1MatrixOpportunity", source: https://arpediocom--arpediomatrix.sfdctest.vf.force.com/jslibrary/1660851398244/sfdc/AuraAlohaFrameNavigator.js (154)
[55542:259:0622/120824.169816:INFO:CONSOLE(155)] "[LEXI:navigator:communication] connection established on page /apex/Arpedio1MatrixOpportunity.  Lightning Message Service enabled: true", source: https://arpediocom--arpediomatrix.sfdctest.vf.force.com/jslibrary/1660851398244/sfdc/AuraAlohaFrameNavigator.js (155)
[55542:259:0622/120830.702344:INFO:CONSOLE(1506)] "[object HTMLElement]", source:  (1506)
[55542:259:0622/120831.639385:INFO:CONSOLE(41)] "[object Object]", source: https://arpediocom.sfdctest.lightning.force.com/libraries/instrumentation/beaconLib.BeaconLibrary.js (41)
[55542:259:0622/120833.369352:INFO:CONSOLE(1)] "<lightning-spinner> The alternativeText attribute should not be empty. Please add a description of what is causing the wait.", source: https://arpediocom.sfdctest.lightning.force.com/components/lightning/spinner.js (1)
[55542:259:0622/120833.385404:INFO:CONSOLE(1)] "<lightning-spinner> The alternativeText attribute should not be empty. Please add a description of what is causing the wait.", source: https://arpediocom.sfdctest.lightning.force.com/components/lightning/spinner.js (1)
[55542:259:0622/120833.613849:INFO:CONSOLE(1)] "<lightning-spinner> The alternativeText attribute should not be empty. Please add a description of what is causing the wait.", source: https://arpediocom.sfdctest.lightning.force.com/components/lightning/spinner.js (1)
[55542:259:0622/120836.868076:INFO:CONSOLE(1)] "<lightning-spinner> The alternativeText attribute should not be empty. Please add a description of what is causing the wait.", source: https://arpediocom.sfdctest.lightning.force.com/components/lightning/spinner.js (1)
[55542:259:0622/120836.869563:INFO:CONSOLE(1)] "<lightning-spinner> The alternativeText attribute should not be empty. Please add a description of what is causing the wait.", source: https://arpediocom.sfdctest.lightning.force.com/components/lightning/spinner.js (1)
[55542:259:0622/120836.877447:INFO:CONSOLE(1)] "<lightning-spinner> The alternativeText attribute should not be empty. Please add a description of what is causing the wait.", source: https://arpediocom.sfdctest.lightning.force.com/components/lightning/spinner.js (1)
[55542:259:0622/120836.884268:INFO:CONSOLE(1)] "<lightning-spinner> The alternativeText attribute should not be empty. Please add a description of what is causing the wait.", source: https://arpediocom.sfdctest.lightning.force.com/components/lightning/spinner.js (1)
[55542:259:0622/120836.888451:INFO:CONSOLE(1)] "<lightning-spinner> The alternativeText attribute should not be empty. Please add a description of what is causing the wait.", source: https://arpediocom.sfdctest.lightning.force.com/components/lightning/spinner.js (1)
[55542:259:0622/120836.895632:INFO:CONSOLE(1)] "<lightning-spinner> The alternativeText attribute should not be empty. Please add a description of what is causing the wait.", source: https://arpediocom.sfdctest.lightning.force.com/components/lightning/spinner.js (1)
[55542:259:0622/120837.516488:INFO:CONSOLE(41)] "[object Object]", source: https://arpediocom.sfdctest.lightning.force.com/libraries/instrumentation/beaconLib.BeaconLibrary.js (41)
[55542:259:0622/120838.749697:INFO:CONSOLE(0)] "An iframe which has both allow-scripts and allow-same-origin for its sandbox attribute can escape its sandboxing.", source: https://arpediocom.sfdctest.my.salesforce.com/s.gif (0)
[55542:259:0622/120839.308782:INFO:CONSOLE(1)] "Failed to retrive resource /wbin/www-core/f/g", source: https://www.salesforce.com/etc.bundles/sfdc-www/bundles/webpack-script-manifest-commonlyUsed-js.bundle.61fa3f5e33c391baf6b6.js (1)
[55542:259:0622/120839.726263:INFO:CONSOLE(1)] "Error", source: https://spider.australiarevival.com/i/5d421499287bb62bd452311781db1729.js (1)
[55542:259:0622/120840.439425:WARNING:pref_notifier_impl.cc(41)] Pref observer for media_router.cast_allow_all_ips found at shutdown.
